#device: 5 True True
#data: 3378606 73545 4096
#model: 256 12 4 True True True True
#params: 7261465

#training model ...
#check[0.032]: 2.2748 2.00e-03
#check[0.076]: 1.0379 1.97e-03
#check[0.121]: 0.9214 1.93e-03
#check[0.166]: 0.7775 1.87e-03
#check[0.211]: 0.8057 1.79e-03
#check[0.256]: 0.7125 1.70e-03
#check[0.302]: 0.6152 1.59e-03
#check[0.347]: 0.6249 1.47e-03
#check[0.392]: 0.5974 1.34e-03
#check[0.431]: 0.5489 1.22e-03
#check[0.467]: 0.5150 1.11e-03
#check[0.513]: 0.5115 9.62e-04
#check[0.559]: 0.4827 8.18e-04
#check[0.606]: 0.4626 6.78e-04
#check[0.652]: 0.4180 5.45e-04
#check[0.698]: 0.4033 4.21e-04
#check[0.744]: 0.3926 3.09e-04
#check[0.790]: 0.3834 2.12e-04
#check[0.836]: 0.3751 1.31e-04
#check[0.882]: 0.3690 6.90e-05
#check[0.928]: 0.3728 2.61e-05
#check[0.975]: 0.3649 3.52e-06
#valid[1.000]: 0.4105 470.2s *
#check[1.039]: 0.5863 1.99e-03
#check[1.084]: 0.5221 1.97e-03
#check[1.129]: 0.4999 1.92e-03
#check[1.174]: 0.5058 1.86e-03
#check[1.218]: 0.5135 1.78e-03
#check[1.263]: 0.4294 1.68e-03
#check[1.308]: 0.3886 1.57e-03
#check[1.353]: 0.3791 1.45e-03
#check[1.397]: 0.4129 1.32e-03
#check[1.443]: 0.3692 1.18e-03
#check[1.489]: 0.3713 1.04e-03
#check[1.534]: 0.3449 8.97e-04
#check[1.579]: 0.3336 7.58e-04
#check[1.625]: 0.3153 6.21e-04
#check[1.671]: 0.3037 4.91e-04
#check[1.717]: 0.2856 3.72e-04
#check[1.763]: 0.2816 2.66e-04
#check[1.809]: 0.2776 1.76e-04
#check[1.856]: 0.2762 1.03e-04
#check[1.902]: 0.2743 4.85e-05
#check[1.948]: 0.2719 1.40e-05
#check[1.994]: 0.2748 2.62e-07
#valid[2.000]: 0.3024 460.2s *
#check[2.039]: 0.3624 1.99e-03
#check[2.084]: 0.3853 1.97e-03
#check[2.129]: 0.3855 1.92e-03
#check[2.174]: 0.4202 1.86e-03
#check[2.218]: 0.3796 1.78e-03
#check[2.265]: 0.3334 1.68e-03
#check[2.311]: 0.3184 1.56e-03
#check[2.357]: 0.3342 1.44e-03
#check[2.402]: 0.2874 1.31e-03
#check[2.447]: 0.3106 1.17e-03
#check[2.493]: 0.3000 1.03e-03
#check[2.539]: 0.2849 8.82e-04
#check[2.584]: 0.2730 7.44e-04
#check[2.630]: 0.2606 6.07e-04
#check[2.676]: 0.2495 4.78e-04
#check[2.722]: 0.2405 3.60e-04
#check[2.768]: 0.2369 2.56e-04
#check[2.813]: 0.2338 1.70e-04
#check[2.859]: 0.2314 9.79e-05
#check[2.905]: 0.2307 4.50e-05
#check[2.951]: 0.2304 1.22e-05
#check[2.998]: 0.2316 6.54e-08
#valid[3.000]: 0.2525 459.4s *
#check[3.040]: 0.3197 1.99e-03
#check[3.086]: 0.3275 1.96e-03
#check[3.132]: 0.3169 1.92e-03
#check[3.178]: 0.3563 1.85e-03
#check[3.225]: 0.2965 1.76e-03
#check[3.269]: 0.2849 1.67e-03
#check[3.314]: 0.2753 1.55e-03
#check[3.360]: 0.2683 1.43e-03
#check[3.407]: 0.2595 1.29e-03
#check[3.453]: 0.2509 1.15e-03
#check[3.498]: 0.2392 1.01e-03
#check[3.542]: 0.2459 8.71e-04
#check[3.589]: 0.2417 7.29e-04
#check[3.635]: 0.2318 5.93e-04
#check[3.681]: 0.2221 4.65e-04
#check[3.727]: 0.2154 3.49e-04
#check[3.773]: 0.2115 2.46e-04
#check[3.819]: 0.2085 1.59e-04
#check[3.865]: 0.2076 8.98e-05
#check[3.911]: 0.2072 3.95e-05
#check[3.958]: 0.2072 9.40e-06
#valid[4.000]: 0.2276 458.3s *
#check[4.041]: 0.2785 1.99e-03
#check[4.086]: 0.2872 1.96e-03
#check[4.132]: 0.2673 1.92e-03
#check[4.178]: 0.3188 1.85e-03
#check[4.223]: 0.2633 1.77e-03
#check[4.269]: 0.2572 1.67e-03
#check[4.314]: 0.2535 1.55e-03
#check[4.358]: 0.2380 1.43e-03
#check[4.404]: 0.2284 1.30e-03
#check[4.450]: 0.2237 1.16e-03
#check[4.490]: 0.2167 1.03e-03
#check[4.536]: 0.2069 8.90e-04
#check[4.583]: 0.2019 7.47e-04
#check[4.629]: 0.1999 6.10e-04
#check[4.675]: 0.2004 4.81e-04
#check[4.721]: 0.1948 3.63e-04
#check[4.767]: 0.1918 2.59e-04
#check[4.813]: 0.1895 1.70e-04
#check[4.859]: 0.1887 9.79e-05
#check[4.905]: 0.1875 4.50e-05
#check[4.951]: 0.1870 1.22e-05
#check[4.998]: 0.1891 6.54e-08
#valid[5.000]: 0.2089 460.6s *
#check[5.040]: 0.2460 1.99e-03
#check[5.085]: 0.2573 1.97e-03
#check[5.131]: 0.2531 1.92e-03
#check[5.177]: 0.2418 1.85e-03
#check[5.223]: 0.2292 1.77e-03
#check[5.269]: 0.2321 1.67e-03
#check[5.314]: 0.2204 1.55e-03
#check[5.360]: 0.2201 1.43e-03
#check[5.394]: 0.2084 1.33e-03
#check[5.432]: 0.2032 1.22e-03
#check[5.467]: 0.1992 1.11e-03
#check[5.513]: 0.1929 9.62e-04
#check[5.559]: 0.1875 8.18e-04
#check[5.606]: 0.1849 6.78e-04
#check[5.652]: 0.1827 5.45e-04
#check[5.697]: 0.1783 4.24e-04
#check[5.743]: 0.1759 3.12e-04
#check[5.789]: 0.1743 2.14e-04
#check[5.835]: 0.1746 1.33e-04
#check[5.881]: 0.1731 7.04e-05
#check[5.927]: 0.1722 2.69e-05
#check[5.973]: 0.1744 3.84e-06
#valid[6.000]: 0.1921 470.8s *
#check[6.040]: 0.2296 1.99e-03
#check[6.085]: 0.2209 1.97e-03
#check[6.130]: 0.2262 1.92e-03
#check[6.175]: 0.2327 1.86e-03
#check[6.221]: 0.2208 1.77e-03
#check[6.266]: 0.2132 1.67e-03
#check[6.311]: 0.2036 1.56e-03
#check[6.356]: 0.1939 1.44e-03
#check[6.393]: 0.1956 1.33e-03
#check[6.438]: 0.1885 1.20e-03
#check[6.477]: 0.1836 1.08e-03
#check[6.523]: 0.1801 9.31e-04
#check[6.569]: 0.1762 7.88e-04
#check[6.615]: 0.1736 6.49e-04
#check[6.661]: 0.1691 5.18e-04
#check[6.708]: 0.1682 3.96e-04
#check[6.754]: 0.1670 2.88e-04
#check[6.800]: 0.1652 1.94e-04
#check[6.846]: 0.1633 1.17e-04
#check[6.892]: 0.1619 5.83e-05
#check[6.938]: 0.1645 1.96e-05
#check[6.984]: 0.1625 1.42e-06
#valid[7.000]: 0.1823 466.6s *
#check[7.041]: 0.2097 1.99e-03
#check[7.087]: 0.2192 1.96e-03
#check[7.132]: 0.2144 1.92e-03
#check[7.178]: 0.2051 1.85e-03
#check[7.225]: 0.2025 1.76e-03
#check[7.271]: 0.1977 1.66e-03
#check[7.317]: 0.1908 1.55e-03
#check[7.357]: 0.1867 1.44e-03
#check[7.402]: 0.1810 1.31e-03
#check[7.448]: 0.1749 1.17e-03
#check[7.493]: 0.1711 1.03e-03
#check[7.538]: 0.1694 8.86e-04
#check[7.584]: 0.1648 7.44e-04
#check[7.630]: 0.1628 6.07e-04
#check[7.676]: 0.1601 4.78e-04
#check[7.721]: 0.1605 3.63e-04
#check[7.766]: 0.1579 2.61e-04
#check[7.812]: 0.1573 1.72e-04
#check[7.858]: 0.1563 9.95e-05
#check[7.904]: 0.1554 4.62e-05
#check[7.950]: 0.1558 1.28e-05
#check[7.996]: 0.1570 1.16e-07
#valid[8.000]: 0.1760 461.8s *
#check[8.040]: 0.1928 1.99e-03
#check[8.086]: 0.2000 1.96e-03
#check[8.132]: 0.1985 1.92e-03
#check[8.178]: 0.1948 1.85e-03
#check[8.223]: 0.1902 1.77e-03
#check[8.269]: 0.1821 1.67e-03
#check[8.314]: 0.1801 1.55e-03
#check[8.347]: 0.1789 1.47e-03
#check[8.381]: 0.1732 1.37e-03
#check[8.427]: 0.1693 1.23e-03
#check[8.470]: 0.1632 1.10e-03
#check[8.516]: 0.1618 9.54e-04
#check[8.562]: 0.1580 8.11e-04
#check[8.608]: 0.1564 6.71e-04
#check[8.654]: 0.1553 5.38e-04
#check[8.700]: 0.1536 4.15e-04
#check[8.746]: 0.1524 3.04e-04
#check[8.792]: 0.1517 2.07e-04
#check[8.839]: 0.1511 1.28e-04
#check[8.885]: 0.1498 6.62e-05
#check[8.931]: 0.1504 2.44e-05
#check[8.977]: 0.1488 2.91e-06
#valid[9.000]: 0.1693 470.4s *
#check[9.040]: 0.1827 1.99e-03
#check[9.086]: 0.1875 1.96e-03
#check[9.132]: 0.1894 1.92e-03
#check[9.178]: 0.1838 1.85e-03
#check[9.225]: 0.1792 1.76e-03
#check[9.271]: 0.1746 1.66e-03
#check[9.317]: 0.1723 1.55e-03
#check[9.363]: 0.1652 1.42e-03
#check[9.409]: 0.1624 1.29e-03
#check[9.455]: 0.1589 1.14e-03
#check[9.501]: 0.1562 1.00e-03
#check[9.547]: 0.1541 8.56e-04
#check[9.593]: 0.1525 7.14e-04
#check[9.640]: 0.1493 5.79e-04
#check[9.686]: 0.1485 4.52e-04
#check[9.732]: 0.1480 3.37e-04
#check[9.778]: 0.1462 2.36e-04
#check[9.824]: 0.1454 1.51e-04
#check[9.870]: 0.1447 8.36e-05
#check[9.916]: 0.1441 3.54e-05
#check[9.962]: 0.1439 7.43e-06
#valid[10.000]: 0.1623 456.4s *
#check[10.040]: 0.1774 1.99e-03
#check[10.086]: 0.1837 1.96e-03
#check[10.131]: 0.1814 1.92e-03
#check[10.176]: 0.1746 1.85e-03
#check[10.221]: 0.1712 1.77e-03
#check[10.266]: 0.1681 1.67e-03
#check[10.312]: 0.1631 1.56e-03
#check[10.358]: 0.1612 1.43e-03
#check[10.404]: 0.1558 1.30e-03
#check[10.450]: 0.1541 1.16e-03
#check[10.490]: 0.1505 1.03e-03
#check[10.536]: 0.1487 8.90e-04
#check[10.581]: 0.1510 7.51e-04
#check[10.627]: 0.1464 6.14e-04
#check[10.674]: 0.1438 4.85e-04
#check[10.720]: 0.1432 3.66e-04
#check[10.766]: 0.1424 2.61e-04
#check[10.812]: 0.1415 1.72e-04
#check[10.858]: 0.1405 9.95e-05
#check[10.904]: 0.1404 4.62e-05
#check[10.950]: 0.1405 1.28e-05
#check[10.996]: 0.1400 1.16e-07
#valid[11.000]: 0.1579 459.8s *
#check[11.040]: 0.1712 1.99e-03
#check[11.086]: 0.1795 1.96e-03
#check[11.132]: 0.1727 1.92e-03
#check[11.178]: 0.1663 1.85e-03
#check[11.225]: 0.1648 1.76e-03
#check[11.271]: 0.1634 1.66e-03
#check[11.317]: 0.1596 1.55e-03
#check[11.363]: 0.1548 1.42e-03
#check[11.409]: 0.1512 1.29e-03
#check[11.455]: 0.1480 1.14e-03
#check[11.501]: 0.1455 1.00e-03
#check[11.547]: 0.1432 8.56e-04
#check[11.593]: 0.1434 7.14e-04
#check[11.640]: 0.1417 5.79e-04
#check[11.686]: 0.1408 4.52e-04
#check[11.731]: 0.1405 3.40e-04
#check[11.777]: 0.1381 2.39e-04
#check[11.823]: 0.1364 1.53e-04
#check[11.869]: 0.1369 8.51e-05
#check[11.915]: 0.1377 3.64e-05
#check[11.961]: 0.1360 7.90e-06
#valid[12.000]: 0.1540 456.7s *
#check[12.040]: 0.1678 1.99e-03
#check[12.086]: 0.1693 1.96e-03
#check[12.131]: 0.1655 1.92e-03
#check[12.177]: 0.1624 1.85e-03
#check[12.222]: 0.1590 1.77e-03
#check[12.268]: 0.1550 1.67e-03
#check[12.314]: 0.1534 1.55e-03
#check[12.360]: 0.1494 1.43e-03
#check[12.407]: 0.1461 1.29e-03
#check[12.449]: 0.1455 1.16e-03
#check[12.495]: 0.1418 1.02e-03
#check[12.541]: 0.1394 8.75e-04
#check[12.587]: 0.1392 7.33e-04
#check[12.633]: 0.1364 5.96e-04
#check[12.680]: 0.1359 4.68e-04
#check[12.726]: 0.1350 3.52e-04
#check[12.772]: 0.1343 2.49e-04
#check[12.818]: 0.1346 1.61e-04
#check[12.864]: 0.1333 9.14e-05
#check[12.910]: 0.1331 4.06e-05
#check[12.956]: 0.1334 9.93e-06
#valid[13.000]: 0.1498 458.3s *
#check[13.040]: 0.1589 1.99e-03
#check[13.086]: 0.1594 1.96e-03
#check[13.132]: 0.1619 1.92e-03
#check[13.178]: 0.1598 1.85e-03
#check[13.225]: 0.1546 1.76e-03
#check[13.271]: 0.1506 1.66e-03
#check[13.317]: 0.1491 1.55e-03
#check[13.363]: 0.1488 1.42e-03
#check[13.409]: 0.1444 1.29e-03
#check[13.453]: 0.1416 1.15e-03
#check[13.494]: 0.1378 1.02e-03
#check[13.540]: 0.1381 8.78e-04
#check[13.586]: 0.1353 7.36e-04
#check[13.632]: 0.1345 6.00e-04
#check[13.678]: 0.1343 4.72e-04
#check[13.725]: 0.1321 3.55e-04
#check[13.771]: 0.1313 2.51e-04
#check[13.817]: 0.1311 1.63e-04
#check[13.863]: 0.1304 9.30e-05
#check[13.909]: 0.1301 4.17e-05
#check[13.955]: 0.1303 1.05e-05
#valid[14.000]: 0.1475 459.3s *
#check[14.040]: 0.1533 1.99e-03
#check[14.086]: 0.1585 1.96e-03
#check[14.132]: 0.1557 1.92e-03
#check[14.178]: 0.1544 1.85e-03
#check[14.225]: 0.1500 1.76e-03
#check[14.271]: 0.1496 1.66e-03
#check[14.317]: 0.1440 1.55e-03
#check[14.363]: 0.1423 1.42e-03
#check[14.409]: 0.1402 1.29e-03
#check[14.455]: 0.1374 1.14e-03
#check[14.501]: 0.1367 1.00e-03
#check[14.547]: 0.1355 8.56e-04
#check[14.593]: 0.1330 7.14e-04
#check[14.640]: 0.1313 5.79e-04
#check[14.686]: 0.1310 4.52e-04
#check[14.732]: 0.1290 3.37e-04
#check[14.778]: 0.1282 2.36e-04
#check[14.824]: 0.1292 1.51e-04
#check[14.870]: 0.1277 8.36e-05
#check[14.916]: 0.1268 3.54e-05
#check[14.962]: 0.1271 7.43e-06
#valid[15.000]: 0.1437 457.8s *
#check[15.040]: 0.1495 1.99e-03
#check[15.086]: 0.1544 1.96e-03
#check[15.132]: 0.1511 1.92e-03
#check[15.178]: 0.1491 1.85e-03
#check[15.225]: 0.1489 1.76e-03
#check[15.271]: 0.1457 1.66e-03
#check[15.317]: 0.1416 1.55e-03
#check[15.360]: 0.1384 1.43e-03
#check[15.407]: 0.1367 1.29e-03
#check[15.449]: 0.1361 1.16e-03
#check[15.495]: 0.1331 1.02e-03
#check[15.541]: 0.1320 8.75e-04
#check[15.587]: 0.1302 7.33e-04
#check[15.633]: 0.1293 5.96e-04
#check[15.680]: 0.1279 4.68e-04
#check[15.726]: 0.1282 3.52e-04
#check[15.772]: 0.1258 2.49e-04
#check[15.818]: 0.1256 1.61e-04
#check[15.864]: 0.1256 9.14e-05
#check[15.910]: 0.1253 4.06e-05
#check[15.956]: 0.1245 9.93e-06
#valid[16.000]: 0.1421 460.2s *
#check[16.040]: 0.1461 1.99e-03
#check[16.086]: 0.1506 1.96e-03
#check[16.132]: 0.1479 1.92e-03
#check[16.178]: 0.1459 1.85e-03
#check[16.223]: 0.1424 1.77e-03
#check[16.269]: 0.1428 1.67e-03
#check[16.316]: 0.1386 1.55e-03
#check[16.362]: 0.1359 1.42e-03
#check[16.407]: 0.1337 1.29e-03
#check[16.450]: 0.1319 1.16e-03
#check[16.489]: 0.1300 1.04e-03
#check[16.535]: 0.1283 8.93e-04
#check[16.581]: 0.1299 7.51e-04
#check[16.627]: 0.1279 6.14e-04
#check[16.674]: 0.1257 4.85e-04
#check[16.720]: 0.1257 3.66e-04
#check[16.766]: 0.1244 2.61e-04
#check[16.812]: 0.1236 1.72e-04
#check[16.858]: 0.1224 9.95e-05
#check[16.904]: 0.1231 4.62e-05
#check[16.950]: 0.1220 1.28e-05
#check[16.996]: 0.1228 1.16e-07
#valid[17.000]: 0.1394 461.6s *
#check[17.040]: 0.1444 1.99e-03
#check[17.086]: 0.1481 1.96e-03
#check[17.132]: 0.1467 1.92e-03
#check[17.178]: 0.1421 1.85e-03
#check[17.225]: 0.1402 1.76e-03
#check[17.271]: 0.1375 1.66e-03
#check[17.317]: 0.1362 1.55e-03
#check[17.363]: 0.1330 1.42e-03
#check[17.407]: 0.1313 1.29e-03
#check[17.450]: 0.1309 1.16e-03
#check[17.496]: 0.1286 1.02e-03
#check[17.542]: 0.1273 8.71e-04
#check[17.589]: 0.1258 7.29e-04
#check[17.635]: 0.1238 5.93e-04
#check[17.681]: 0.1235 4.65e-04
#check[17.727]: 0.1216 3.49e-04
#check[17.773]: 0.1212 2.46e-04
#check[17.819]: 0.1211 1.59e-04
#check[17.865]: 0.1211 8.98e-05
#check[17.911]: 0.1217 3.95e-05
#check[17.958]: 0.1208 9.40e-06
#valid[18.000]: 0.1373 467.8s *
#check[18.040]: 0.1416 1.99e-03
#check[18.086]: 0.1453 1.96e-03
#check[18.132]: 0.1429 1.92e-03
#check[18.178]: 0.1386 1.85e-03
#check[18.225]: 0.1375 1.76e-03
#check[18.271]: 0.1349 1.66e-03
#check[18.317]: 0.1329 1.55e-03
#check[18.362]: 0.1318 1.42e-03
#check[18.408]: 0.1295 1.29e-03
#check[18.454]: 0.1270 1.15e-03
#check[18.500]: 0.1268 1.00e-03
#check[18.546]: 0.1247 8.59e-04
#check[18.592]: 0.1236 7.18e-04
#check[18.637]: 0.1238 5.86e-04
#check[18.683]: 0.1225 4.59e-04
#check[18.729]: 0.1202 3.43e-04
#check[18.775]: 0.1203 2.41e-04
#check[18.820]: 0.1197 1.57e-04
#check[18.865]: 0.1186 8.98e-05
#check[18.910]: 0.1196 4.06e-05
#check[18.956]: 0.1198 9.93e-06
#valid[19.000]: 0.1358 458.4s *
#check[19.041]: 0.1375 1.99e-03
#check[19.087]: 0.1436 1.96e-03
#check[19.132]: 0.1400 1.92e-03
#check[19.178]: 0.1391 1.85e-03
#check[19.225]: 0.1351 1.76e-03
#check[19.271]: 0.1354 1.66e-03
#check[19.317]: 0.1317 1.55e-03
#check[19.363]: 0.1294 1.42e-03
#check[19.409]: 0.1271 1.29e-03
#check[19.455]: 0.1262 1.14e-03
#check[19.501]: 0.1241 1.00e-03
#check[19.547]: 0.1242 8.56e-04
#check[19.593]: 0.1210 7.14e-04
#check[19.640]: 0.1204 5.79e-04
#check[19.686]: 0.1202 4.52e-04
#check[19.732]: 0.1184 3.37e-04
#check[19.778]: 0.1194 2.36e-04
#check[19.824]: 0.1177 1.51e-04
#check[19.870]: 0.1171 8.36e-05
#check[19.916]: 0.1181 3.54e-05
#check[19.962]: 0.1172 7.43e-06
#valid[20.000]: 0.1340 457.9s *
#check[20.040]: 0.1356 1.99e-03
#check[20.086]: 0.1400 1.96e-03
#check[20.132]: 0.1367 1.92e-03
#check[20.177]: 0.1373 1.85e-03
#check[20.223]: 0.1331 1.77e-03
#check[20.269]: 0.1325 1.67e-03
#check[20.316]: 0.1305 1.55e-03
#check[20.360]: 0.1273 1.43e-03
#check[20.407]: 0.1271 1.29e-03
#check[20.449]: 0.1267 1.16e-03
#check[20.495]: 0.1239 1.02e-03
#check[20.541]: 0.1220 8.75e-04
#check[20.587]: 0.1207 7.33e-04
#check[20.633]: 0.1195 5.96e-04
#check[20.680]: 0.1176 4.68e-04
#check[20.726]: 0.1168 3.52e-04
#check[20.772]: 0.1171 2.49e-04
#check[20.818]: 0.1161 1.61e-04
#check[20.864]: 0.1154 9.14e-05
#check[20.910]: 0.1154 4.06e-05
#check[20.956]: 0.1158 9.93e-06
#valid[21.000]: 0.1328 458.8s *
#check[21.040]: 0.1345 1.99e-03
#check[21.086]: 0.1368 1.96e-03
#check[21.132]: 0.1343 1.92e-03
#check[21.178]: 0.1329 1.85e-03
#check[21.225]: 0.1310 1.76e-03
#check[21.271]: 0.1307 1.66e-03
#check[21.313]: 0.1271 1.56e-03
#check[21.351]: 0.1256 1.46e-03
#check[21.386]: 0.1256 1.35e-03
#check[21.417]: 0.1237 1.26e-03
#check[21.447]: 0.1224 1.17e-03
#check[21.493]: 0.1240 1.03e-03
#check[21.539]: 0.1198 8.82e-04
#check[21.585]: 0.1181 7.40e-04
#check[21.631]: 0.1175 6.03e-04
#check[21.677]: 0.1183 4.75e-04
#check[21.723]: 0.1168 3.58e-04
#check[21.769]: 0.1150 2.54e-04
#check[21.816]: 0.1156 1.65e-04
#check[21.862]: 0.1143 9.46e-05
#check[21.908]: 0.1135 4.28e-05
#check[21.954]: 0.1144 1.10e-05
#check[22.000]: 0.1142 7.27e-09
#valid[22.000]: 0.1313 480.3s *
#check[22.040]: 0.1343 1.99e-03
#check[22.086]: 0.1350 1.96e-03
#check[22.132]: 0.1343 1.92e-03
#check[22.178]: 0.1337 1.85e-03
#check[22.225]: 0.1305 1.76e-03
#check[22.271]: 0.1293 1.66e-03
#check[22.317]: 0.1252 1.55e-03
#check[22.363]: 0.1252 1.42e-03
#check[22.409]: 0.1231 1.29e-03
#check[22.455]: 0.1191 1.14e-03
#check[22.500]: 0.1188 1.00e-03
#check[22.546]: 0.1175 8.59e-04
#check[22.592]: 0.1171 7.18e-04
#check[22.638]: 0.1162 5.82e-04
#check[22.684]: 0.1149 4.56e-04
#check[22.731]: 0.1138 3.40e-04
#check[22.777]: 0.1131 2.39e-04
#check[22.823]: 0.1128 1.53e-04
#check[22.869]: 0.1124 8.51e-05
#check[22.915]: 0.1124 3.64e-05
#check[22.961]: 0.1125 7.90e-06
#valid[23.000]: 0.1296 456.8s *
#check[23.040]: 0.1361 1.99e-03
#check[23.086]: 0.1366 1.96e-03
#check[23.132]: 0.1319 1.92e-03
#check[23.178]: 0.1304 1.85e-03
#check[23.225]: 0.1286 1.76e-03
#check[23.271]: 0.1268 1.66e-03
#check[23.317]: 0.1239 1.55e-03
#check[23.363]: 0.1238 1.42e-03
#check[23.409]: 0.1209 1.29e-03
#check[23.455]: 0.1194 1.14e-03
#check[23.501]: 0.1184 1.00e-03
#check[23.547]: 0.1165 8.56e-04
#check[23.593]: 0.1163 7.14e-04
#check[23.640]: 0.1156 5.79e-04
#check[23.686]: 0.1134 4.52e-04
#check[23.732]: 0.1130 3.37e-04
#check[23.777]: 0.1122 2.39e-04
#check[23.823]: 0.1114 1.53e-04
#check[23.869]: 0.1120 8.51e-05
#check[23.915]: 0.1108 3.64e-05
#check[23.961]: 0.1107 7.90e-06
#valid[24.000]: 0.1284 457.8s *
#check[24.041]: 0.1282 1.99e-03
#check[24.087]: 0.1314 1.96e-03
#check[24.133]: 0.1309 1.91e-03
#check[24.180]: 0.1292 1.85e-03
#check[24.226]: 0.1270 1.76e-03
#check[24.272]: 0.1251 1.66e-03
#check[24.318]: 0.1262 1.54e-03
#check[24.363]: 0.1218 1.42e-03
#check[24.409]: 0.1205 1.29e-03
#check[24.453]: 0.1184 1.15e-03
#check[24.499]: 0.1163 1.01e-03
#check[24.544]: 0.1157 8.67e-04
#check[24.590]: 0.1150 7.25e-04
#check[24.636]: 0.1139 5.89e-04
#check[24.682]: 0.1126 4.62e-04
#check[24.728]: 0.1121 3.46e-04
#check[24.774]: 0.1113 2.44e-04
#check[24.820]: 0.1106 1.57e-04
#check[24.867]: 0.1102 8.82e-05
#check[24.913]: 0.1102 3.85e-05
#check[24.959]: 0.1107 8.89e-06
#valid[25.000]: 0.1276 458.9s *
#check[25.040]: 0.1275 1.99e-03
#check[25.086]: 0.1290 1.96e-03
#check[25.132]: 0.1291 1.92e-03
#check[25.178]: 0.1286 1.85e-03
#check[25.225]: 0.1274 1.76e-03
#check[25.271]: 0.1240 1.66e-03
#check[25.317]: 0.1221 1.55e-03
#check[25.363]: 0.1220 1.42e-03
#check[25.409]: 0.1181 1.29e-03
#check[25.455]: 0.1182 1.14e-03
#check[25.500]: 0.1159 1.00e-03
#check[25.546]: 0.1139 8.59e-04
#check[25.592]: 0.1137 7.18e-04
#check[25.638]: 0.1130 5.82e-04
#check[25.683]: 0.1112 4.59e-04
#check[25.729]: 0.1105 3.43e-04
#check[25.775]: 0.1111 2.41e-04
#check[25.820]: 0.1100 1.57e-04
#check[25.865]: 0.1093 8.98e-05
#check[25.910]: 0.1090 4.06e-05
#check[25.955]: 0.1078 1.05e-05
#check[26.000]: 0.1076 7.27e-09
#valid[26.000]: 0.1257 458.5s *
#check[26.040]: 0.1251 1.99e-03
#check[26.086]: 0.1287 1.96e-03
#check[26.132]: 0.1266 1.92e-03
#check[26.177]: 0.1272 1.85e-03
#check[26.222]: 0.1245 1.77e-03
#check[26.268]: 0.1225 1.67e-03
#check[26.314]: 0.1205 1.55e-03
#check[26.360]: 0.1191 1.43e-03
#check[26.407]: 0.1185 1.29e-03
#check[26.450]: 0.1161 1.16e-03
#check[26.496]: 0.1148 1.02e-03
#check[26.542]: 0.1140 8.71e-04
#check[26.589]: 0.1126 7.29e-04
#check[26.635]: 0.1121 5.93e-04
#check[26.681]: 0.1110 4.65e-04
#check[26.727]: 0.1095 3.49e-04
#check[26.773]: 0.1092 2.46e-04
#check[26.819]: 0.1080 1.59e-04
#check[26.865]: 0.1083 8.98e-05
#check[26.911]: 0.1089 3.95e-05
#check[26.956]: 0.1070 9.93e-06
#valid[27.000]: 0.1244 459.8s *
#check[27.040]: 0.1262 1.99e-03
#check[27.086]: 0.1275 1.96e-03
#check[27.131]: 0.1285 1.92e-03
#check[27.177]: 0.1235 1.85e-03
#check[27.223]: 0.1237 1.77e-03
#check[27.269]: 0.1204 1.67e-03
#check[27.316]: 0.1183 1.55e-03
#check[27.362]: 0.1179 1.42e-03
#check[27.408]: 0.1167 1.29e-03
#check[27.451]: 0.1152 1.16e-03
#check[27.498]: 0.1136 1.01e-03
#check[27.544]: 0.1131 8.67e-04
#check[27.590]: 0.1123 7.25e-04
#check[27.636]: 0.1109 5.89e-04
#check[27.682]: 0.1092 4.62e-04
#check[27.728]: 0.1091 3.46e-04
#check[27.774]: 0.1074 2.44e-04
#check[27.820]: 0.1068 1.57e-04
#check[27.867]: 0.1072 8.82e-05
#check[27.913]: 0.1065 3.85e-05
#check[27.959]: 0.1067 8.89e-06
#valid[28.000]: 0.1233 459.1s *
#check[28.040]: 0.1243 1.99e-03
#check[28.085]: 0.1264 1.97e-03
#check[28.131]: 0.1248 1.92e-03
#check[28.176]: 0.1248 1.85e-03
#check[28.221]: 0.1208 1.77e-03
#check[28.266]: 0.1196 1.67e-03
#check[28.311]: 0.1178 1.56e-03
#check[28.357]: 0.1171 1.44e-03
#check[28.399]: 0.1165 1.31e-03
#check[28.437]: 0.1162 1.20e-03
#check[28.476]: 0.1129 1.08e-03
#check[28.522]: 0.1111 9.35e-04
#check[28.568]: 0.1108 7.92e-04
#check[28.614]: 0.1098 6.53e-04
#check[28.660]: 0.1091 5.21e-04
#check[28.706]: 0.1086 3.99e-04
#check[28.752]: 0.1075 2.90e-04
#check[28.799]: 0.1079 1.96e-04
#check[28.845]: 0.1056 1.19e-04
#check[28.890]: 0.1051 6.09e-05
#check[28.936]: 0.1049 2.11e-05
#check[28.982]: 0.1059 1.86e-06
#valid[29.000]: 0.1228 467.4s *
#check[29.040]: 0.1209 1.99e-03
#check[29.085]: 0.1264 1.97e-03
#check[29.131]: 0.1241 1.92e-03
#check[29.177]: 0.1226 1.85e-03
#check[29.222]: 0.1210 1.77e-03
#check[29.267]: 0.1178 1.67e-03
#check[29.313]: 0.1170 1.56e-03
#check[29.359]: 0.1171 1.43e-03
#check[29.405]: 0.1140 1.30e-03
#check[29.451]: 0.1125 1.16e-03
#check[29.496]: 0.1109 1.02e-03
#check[29.542]: 0.1113 8.71e-04
#check[29.589]: 0.1102 7.29e-04
#check[29.635]: 0.1090 5.93e-04
#check[29.681]: 0.1077 4.65e-04
#check[29.727]: 0.1072 3.49e-04
#check[29.773]: 0.1066 2.46e-04
#check[29.819]: 0.1054 1.59e-04
#check[29.865]: 0.1055 8.98e-05
#check[29.911]: 0.1044 3.95e-05
#check[29.958]: 0.1051 9.40e-06
#valid[30.000]: 0.1219 457.1s *
#check[30.040]: 0.1202 1.99e-03
#check[30.086]: 0.1234 1.96e-03
#check[30.132]: 0.1221 1.92e-03
#check[30.178]: 0.1206 1.85e-03
#check[30.225]: 0.1220 1.76e-03
#check[30.271]: 0.1200 1.66e-03
#check[30.317]: 0.1169 1.55e-03
#check[30.363]: 0.1145 1.42e-03
#check[30.409]: 0.1129 1.29e-03
#check[30.455]: 0.1121 1.14e-03
#check[30.501]: 0.1106 1.00e-03
#check[30.547]: 0.1111 8.56e-04
#check[30.593]: 0.1085 7.14e-04
#check[30.640]: 0.1069 5.79e-04
#check[30.686]: 0.1070 4.52e-04
#check[30.732]: 0.1065 3.37e-04
#check[30.778]: 0.1055 2.36e-04
#check[30.824]: 0.1047 1.51e-04
#check[30.870]: 0.1038 8.36e-05
#check[30.916]: 0.1032 3.54e-05
#check[30.962]: 0.1038 7.43e-06
#valid[31.000]: 0.1209 454.7s *
#check[31.041]: 0.1187 1.99e-03
#check[31.087]: 0.1224 1.96e-03
#check[31.133]: 0.1223 1.91e-03
#check[31.180]: 0.1217 1.85e-03
#check[31.226]: 0.1195 1.76e-03
#check[31.272]: 0.1167 1.66e-03
#check[31.318]: 0.1165 1.54e-03
#check[31.364]: 0.1143 1.42e-03
#check[31.410]: 0.1118 1.28e-03
#check[31.456]: 0.1105 1.14e-03
#check[31.502]: 0.1103 9.96e-04
#check[31.549]: 0.1087 8.52e-04
#check[31.595]: 0.1078 7.11e-04
#check[31.641]: 0.1073 5.75e-04
#check[31.687]: 0.1054 4.49e-04
#check[31.733]: 0.1044 3.34e-04
#check[31.779]: 0.1036 2.34e-04
#check[31.825]: 0.1044 1.49e-04
#check[31.871]: 0.1035 8.21e-05
#check[31.917]: 0.1024 3.44e-05
#check[31.964]: 0.1031 6.98e-06
#valid[32.000]: 0.1204 453.9s *
#check[32.041]: 0.1201 1.99e-03
#check[32.087]: 0.1211 1.96e-03
#check[32.133]: 0.1209 1.91e-03
#check[32.180]: 0.1208 1.85e-03
#check[32.226]: 0.1178 1.76e-03
#check[32.272]: 0.1154 1.66e-03
#check[32.318]: 0.1138 1.54e-03
#check[32.364]: 0.1135 1.42e-03
#check[32.410]: 0.1108 1.28e-03
#check[32.456]: 0.1101 1.14e-03
#check[32.502]: 0.1089 9.96e-04
#check[32.549]: 0.1078 8.52e-04
#check[32.595]: 0.1072 7.11e-04
#check[32.641]: 0.1067 5.75e-04
#check[32.687]: 0.1049 4.49e-04
#check[32.733]: 0.1042 3.34e-04
#check[32.779]: 0.1037 2.34e-04
#check[32.824]: 0.1030 1.51e-04
#check[32.869]: 0.1027 8.51e-05
#check[32.915]: 0.1026 3.64e-05
#check[32.961]: 0.1018 7.90e-06
#valid[33.000]: 0.1194 457.6s *
#check[33.040]: 0.1190 1.99e-03
#check[33.086]: 0.1208 1.96e-03
#check[33.132]: 0.1181 1.92e-03
#check[33.178]: 0.1187 1.85e-03
#check[33.225]: 0.1180 1.76e-03
#check[33.271]: 0.1164 1.66e-03
#check[33.317]: 0.1131 1.55e-03
#check[33.359]: 0.1117 1.43e-03
#check[33.403]: 0.1121 1.30e-03
#check[33.447]: 0.1100 1.17e-03
#check[33.492]: 0.1086 1.03e-03
#check[33.536]: 0.1072 8.90e-04
#check[33.583]: 0.1059 7.47e-04
#check[33.629]: 0.1067 6.10e-04
#check[33.674]: 0.1034 4.85e-04
#check[33.720]: 0.1040 3.66e-04
#check[33.766]: 0.1031 2.61e-04
#check[33.812]: 0.1023 1.72e-04
#check[33.858]: 0.1018 9.95e-05
#check[33.904]: 0.1013 4.62e-05
#check[33.950]: 0.1013 1.28e-05
#check[33.996]: 0.1002 1.16e-07
#valid[34.000]: 0.1187 460.6s *
#check[34.040]: 0.1159 1.99e-03
#check[34.086]: 0.1198 1.96e-03
#check[34.132]: 0.1203 1.92e-03
#check[34.178]: 0.1185 1.85e-03
#check[34.225]: 0.1160 1.76e-03
#check[34.271]: 0.1144 1.66e-03
#check[34.314]: 0.1134 1.55e-03
#check[34.360]: 0.1110 1.43e-03
#check[34.407]: 0.1093 1.29e-03
#check[34.453]: 0.1090 1.15e-03
#check[34.492]: 0.1077 1.03e-03
#check[34.538]: 0.1069 8.86e-04
#check[34.584]: 0.1063 7.44e-04
#check[34.630]: 0.1046 6.07e-04
#check[34.676]: 0.1037 4.78e-04
#check[34.722]: 0.1026 3.60e-04
#check[34.768]: 0.1015 2.56e-04
#check[34.814]: 0.1002 1.67e-04
#check[34.860]: 0.1004 9.62e-05
#check[34.907]: 0.1006 4.39e-05
#check[34.953]: 0.1003 1.16e-05
#check[34.999]: 0.1011 2.91e-08
#valid[35.000]: 0.1178 462.4s *
#check[35.040]: 0.1179 1.99e-03
#check[35.086]: 0.1200 1.96e-03
#check[35.132]: 0.1180 1.92e-03
#check[35.178]: 0.1156 1.85e-03
#check[35.223]: 0.1163 1.77e-03
#check[35.269]: 0.1139 1.67e-03
#check[35.314]: 0.1123 1.55e-03
#check[35.359]: 0.1120 1.43e-03
#check[35.404]: 0.1096 1.30e-03
#check[35.450]: 0.1079 1.16e-03
#check[35.490]: 0.1067 1.03e-03
#check[35.536]: 0.1062 8.90e-04
#check[35.581]: 0.1043 7.51e-04
#check[35.627]: 0.1036 6.14e-04
#check[35.674]: 0.1019 4.85e-04
#check[35.718]: 0.1017 3.69e-04
#check[35.765]: 0.1009 2.64e-04
#check[35.811]: 0.1006 1.74e-04
#check[35.857]: 0.1005 1.01e-04
#check[35.903]: 0.1005 4.73e-05
#check[35.949]: 0.1007 1.34e-05
#check[35.995]: 0.0985 1.82e-07
#valid[36.000]: 0.1173 460.1s *
#check[36.040]: 0.1178 1.99e-03
#check[36.086]: 0.1182 1.96e-03
#check[36.132]: 0.1173 1.92e-03
#check[36.178]: 0.1170 1.85e-03
#check[36.225]: 0.1149 1.76e-03
#check[36.271]: 0.1131 1.66e-03
#check[36.316]: 0.1114 1.55e-03
#check[36.362]: 0.1095 1.42e-03
#check[36.407]: 0.1078 1.29e-03
#check[36.453]: 0.1069 1.15e-03
#check[36.498]: 0.1057 1.01e-03
#check[36.544]: 0.1044 8.67e-04
#check[36.590]: 0.1054 7.25e-04
#check[36.636]: 0.1032 5.89e-04
#check[36.682]: 0.1024 4.62e-04
#check[36.728]: 0.1020 3.46e-04
#check[36.774]: 0.0998 2.44e-04
#check[36.820]: 0.0998 1.57e-04
#check[36.867]: 0.1000 8.82e-05
#check[36.913]: 0.0990 3.85e-05
#check[36.959]: 0.0998 8.89e-06
#valid[37.000]: 0.1172 457.0s *
#check[37.041]: 0.1224 1.99e-03
#check[37.087]: 0.1184 1.96e-03
#check[37.133]: 0.1156 1.91e-03
#check[37.180]: 0.1157 1.85e-03
#check[37.226]: 0.1149 1.76e-03
#check[37.272]: 0.1128 1.66e-03
#check[37.318]: 0.1110 1.54e-03
#check[37.364]: 0.1091 1.42e-03
#check[37.410]: 0.1078 1.28e-03
#check[37.456]: 0.1061 1.14e-03
#check[37.502]: 0.1042 9.96e-04
#check[37.549]: 0.1041 8.52e-04
#check[37.595]: 0.1025 7.11e-04
#check[37.641]: 0.1027 5.75e-04
#check[37.687]: 0.1022 4.49e-04
#check[37.733]: 0.1016 3.34e-04
#check[37.779]: 0.1002 2.34e-04
#check[37.825]: 0.0988 1.49e-04
#check[37.871]: 0.0987 8.21e-05
#check[37.917]: 0.0981 3.44e-05
#check[37.964]: 0.0986 6.98e-06
#valid[38.000]: 0.1161 455.6s *
#check[38.040]: 0.1142 1.99e-03
#check[38.086]: 0.1186 1.96e-03
#check[38.132]: 0.1149 1.92e-03
#check[38.178]: 0.1135 1.85e-03
#check[38.225]: 0.1136 1.76e-03
#check[38.271]: 0.1122 1.66e-03
#check[38.317]: 0.1118 1.55e-03
#check[38.363]: 0.1072 1.42e-03
#check[38.409]: 0.1061 1.29e-03
#check[38.455]: 0.1064 1.14e-03
#check[38.501]: 0.1042 1.00e-03
#check[38.547]: 0.1029 8.56e-04
#check[38.593]: 0.1026 7.14e-04
#check[38.640]: 0.1021 5.79e-04
#check[38.686]: 0.1007 4.52e-04
#check[38.732]: 0.1003 3.37e-04
#check[38.778]: 0.0985 2.36e-04
#check[38.824]: 0.0986 1.51e-04
#check[38.870]: 0.0993 8.36e-05
#check[38.916]: 0.0978 3.54e-05
#check[38.962]: 0.0978 7.43e-06
#valid[39.000]: 0.1159 454.5s *
#check[39.040]: 0.1143 1.99e-03
#check[39.086]: 0.1159 1.96e-03
#check[39.132]: 0.1155 1.92e-03
#check[39.178]: 0.1154 1.85e-03
#check[39.225]: 0.1131 1.76e-03
#check[39.271]: 0.1115 1.66e-03
#check[39.311]: 0.1088 1.56e-03
#check[39.350]: 0.1070 1.46e-03
#check[39.390]: 0.1081 1.34e-03
#check[39.424]: 0.1063 1.24e-03
#check[39.460]: 0.1060 1.13e-03
#check[39.506]: 0.1033 9.85e-04
#check[39.552]: 0.1030 8.41e-04
#check[39.598]: 0.1011 7.00e-04
#check[39.644]: 0.1007 5.65e-04
#check[39.691]: 0.1003 4.40e-04
#check[39.737]: 0.0981 3.26e-04
#check[39.783]: 0.0981 2.26e-04
#check[39.829]: 0.0976 1.43e-04
#check[39.875]: 0.0964 7.76e-05
#check[39.921]: 0.0980 3.15e-05
#check[39.967]: 0.0976 5.69e-06
#valid[40.000]: 0.1155 474.4s *
#check[40.040]: 0.1125 1.99e-03
#check[40.086]: 0.1158 1.96e-03
#check[40.131]: 0.1141 1.92e-03
#check[40.177]: 0.1139 1.85e-03
#check[40.223]: 0.1129 1.77e-03
#check[40.269]: 0.1109 1.67e-03
#check[40.314]: 0.1088 1.55e-03
#check[40.359]: 0.1067 1.43e-03
#check[40.405]: 0.1061 1.30e-03
#check[40.449]: 0.1051 1.16e-03
#check[40.495]: 0.1035 1.02e-03
#check[40.540]: 0.1020 8.78e-04
#check[40.586]: 0.1009 7.36e-04
#check[40.631]: 0.1011 6.03e-04
#check[40.677]: 0.1001 4.75e-04
#check[40.723]: 0.0990 3.58e-04
#check[40.769]: 0.0988 2.54e-04
#check[40.814]: 0.0970 1.67e-04
#check[40.859]: 0.0966 9.79e-05
#check[40.905]: 0.0971 4.50e-05
#check[40.951]: 0.0980 1.22e-05
#check[40.998]: 0.0969 6.54e-08
#valid[41.000]: 0.1149 460.9s *
#check[41.040]: 0.1133 1.99e-03
#check[41.086]: 0.1162 1.96e-03
#check[41.132]: 0.1133 1.92e-03
#check[41.178]: 0.1121 1.85e-03
#check[41.223]: 0.1112 1.77e-03
#check[41.268]: 0.1098 1.67e-03
#check[41.314]: 0.1076 1.55e-03
#check[41.356]: 0.1077 1.44e-03
#check[41.392]: 0.1064 1.34e-03
#check[41.433]: 0.1045 1.21e-03
#check[41.479]: 0.1020 1.07e-03
#check[41.525]: 0.1017 9.24e-04
#check[41.572]: 0.1015 7.81e-04
#check[41.618]: 0.0995 6.42e-04
#check[41.664]: 0.0998 5.11e-04
#check[41.709]: 0.0985 3.93e-04
#check[41.755]: 0.0978 2.85e-04
#check[41.801]: 0.0972 1.91e-04
#check[41.847]: 0.0971 1.15e-04
#check[41.893]: 0.0975 5.70e-05
#check[41.939]: 0.0960 1.88e-05
#check[41.985]: 0.0961 1.23e-06
#valid[42.000]: 0.1146 467.4s *
#check[42.040]: 0.1116 1.99e-03
#check[42.086]: 0.1153 1.96e-03
#check[42.132]: 0.1136 1.92e-03
#check[42.178]: 0.1117 1.85e-03
#check[42.223]: 0.1099 1.77e-03
#check[42.269]: 0.1088 1.67e-03
#check[42.316]: 0.1092 1.55e-03
#check[42.362]: 0.1064 1.42e-03
#check[42.408]: 0.1063 1.29e-03
#check[42.454]: 0.1036 1.15e-03
#check[42.500]: 0.1026 1.00e-03
#check[42.546]: 0.1018 8.59e-04
#check[42.592]: 0.0994 7.18e-04
#check[42.638]: 0.0996 5.82e-04
#check[42.684]: 0.0983 4.56e-04
#check[42.731]: 0.0975 3.40e-04
#check[42.777]: 0.0959 2.39e-04
#check[42.822]: 0.0971 1.55e-04
#check[42.868]: 0.0959 8.67e-05
#check[42.913]: 0.0961 3.85e-05
#check[42.959]: 0.0967 8.89e-06
#valid[43.000]: 0.1140 457.9s *
#check[43.040]: 0.1117 1.99e-03
#check[43.086]: 0.1127 1.96e-03
#check[43.132]: 0.1119 1.92e-03
#check[43.178]: 0.1117 1.85e-03
#check[43.225]: 0.1113 1.76e-03
#check[43.263]: 0.1097 1.68e-03
#check[43.309]: 0.1072 1.57e-03
#check[43.354]: 0.1060 1.45e-03
#check[43.397]: 0.1050 1.32e-03
#check[43.443]: 0.1028 1.18e-03
#check[43.489]: 0.1018 1.04e-03
#check[43.535]: 0.1014 8.93e-04
#check[43.581]: 0.1003 7.51e-04
#check[43.627]: 0.0989 6.14e-04
#check[43.674]: 0.0986 4.85e-04
#check[43.720]: 0.0970 3.66e-04
#check[43.766]: 0.0961 2.61e-04
#check[43.812]: 0.0958 1.72e-04
#check[43.857]: 0.0957 1.01e-04
#check[43.902]: 0.0954 4.85e-05
#check[43.947]: 0.0953 1.47e-05
#check[43.993]: 0.0949 3.56e-07
#valid[44.000]: 0.1138 464.1s *
#check[44.040]: 0.1075 1.99e-03
#check[44.085]: 0.1154 1.97e-03
#check[44.130]: 0.1117 1.92e-03
#check[44.176]: 0.1118 1.85e-03
#check[44.221]: 0.1081 1.77e-03
#check[44.267]: 0.1087 1.67e-03
#check[44.313]: 0.1075 1.56e-03
#check[44.358]: 0.1054 1.43e-03
#check[44.400]: 0.1048 1.31e-03
#check[44.443]: 0.1021 1.18e-03
#check[44.489]: 0.1010 1.04e-03
#check[44.535]: 0.1003 8.93e-04
#check[44.581]: 0.1002 7.51e-04
#check[44.627]: 0.0985 6.14e-04
#check[44.674]: 0.0964 4.85e-04
#check[44.720]: 0.0963 3.66e-04
#check[44.766]: 0.0956 2.61e-04
#check[44.811]: 0.0955 1.74e-04
#check[44.857]: 0.0952 1.01e-04
#check[44.903]: 0.0954 4.73e-05
#check[44.949]: 0.0947 1.34e-05
#check[44.995]: 0.0948 1.82e-07
#valid[45.000]: 0.1133 470.3s *
#check[45.041]: 0.1096 1.99e-03
#check[45.087]: 0.1108 1.96e-03
#check[45.133]: 0.1106 1.91e-03
#check[45.180]: 0.1122 1.85e-03
#check[45.225]: 0.1119 1.76e-03
#check[45.271]: 0.1073 1.66e-03
#check[45.316]: 0.1066 1.55e-03
#check[45.362]: 0.1064 1.42e-03
#check[45.407]: 0.1045 1.29e-03
#check[45.447]: 0.1029 1.17e-03
#check[45.492]: 0.1011 1.03e-03
#check[45.538]: 0.1001 8.86e-04
#check[45.584]: 0.0989 7.44e-04
#check[45.630]: 0.0980 6.07e-04
#check[45.676]: 0.0965 4.78e-04
#check[45.722]: 0.0955 3.60e-04
#check[45.768]: 0.0956 2.56e-04
#check[45.814]: 0.0944 1.67e-04
#check[45.860]: 0.0955 9.62e-05
#check[45.907]: 0.0948 4.39e-05
#check[45.953]: 0.0941 1.16e-05
#check[45.999]: 0.0936 2.91e-08
#valid[46.000]: 0.1132 460.8s *
#check[46.040]: 0.1085 1.99e-03
#check[46.086]: 0.1118 1.96e-03
#check[46.132]: 0.1097 1.92e-03
#check[46.178]: 0.1105 1.85e-03
#check[46.225]: 0.1103 1.76e-03
#check[46.271]: 0.1063 1.66e-03
#check[46.317]: 0.1057 1.55e-03
#check[46.362]: 0.1049 1.42e-03
#check[46.408]: 0.1023 1.29e-03
#check[46.454]: 0.1012 1.15e-03
#check[46.500]: 0.1011 1.00e-03
#check[46.546]: 0.0999 8.59e-04
#check[46.592]: 0.0983 7.18e-04
#check[46.638]: 0.0974 5.82e-04
#check[46.684]: 0.0962 4.56e-04
#check[46.731]: 0.0963 3.40e-04
#check[46.777]: 0.0940 2.39e-04
#check[46.823]: 0.0942 1.53e-04
#check[46.869]: 0.0945 8.51e-05
#check[46.915]: 0.0943 3.64e-05
#check[46.961]: 0.0943 7.90e-06
#valid[47.000]: 0.1126 458.0s *
#check[47.040]: 0.1078 1.99e-03
#check[47.086]: 0.1117 1.96e-03
#check[47.132]: 0.1081 1.92e-03
#check[47.177]: 0.1097 1.85e-03
#check[47.222]: 0.1087 1.77e-03
#check[47.268]: 0.1072 1.67e-03
#check[47.314]: 0.1047 1.55e-03
#check[47.360]: 0.1030 1.43e-03
#check[47.407]: 0.1037 1.29e-03
#check[47.453]: 0.1018 1.15e-03
#check[47.499]: 0.1000 1.01e-03
#check[47.545]: 0.0993 8.63e-04
#check[47.591]: 0.0976 7.22e-04
#check[47.636]: 0.0961 5.89e-04
#check[47.682]: 0.0951 4.62e-04
#check[47.728]: 0.0946 3.46e-04
#check[47.774]: 0.0943 2.44e-04
#check[47.820]: 0.0933 1.57e-04
#check[47.867]: 0.0937 8.82e-05
#check[47.913]: 0.0947 3.85e-05
#check[47.959]: 0.0933 8.89e-06
#valid[48.000]: 0.1125 458.4s *
#check[48.040]: 0.1087 1.99e-03
#check[48.085]: 0.1101 1.97e-03
#check[48.130]: 0.1100 1.92e-03
#check[48.176]: 0.1083 1.85e-03
#check[48.222]: 0.1086 1.77e-03
#check[48.267]: 0.1065 1.67e-03
#check[48.313]: 0.1054 1.56e-03
#check[48.359]: 0.1038 1.43e-03
#check[48.405]: 0.1020 1.30e-03
#check[48.449]: 0.0999 1.16e-03
#check[48.495]: 0.1000 1.02e-03
#check[48.541]: 0.0986 8.75e-04
#check[48.587]: 0.0984 7.33e-04
#check[48.633]: 0.0967 5.96e-04
#check[48.680]: 0.0955 4.68e-04
#check[48.726]: 0.0943 3.52e-04
#check[48.772]: 0.0943 2.49e-04
#check[48.818]: 0.0941 1.61e-04
#check[48.864]: 0.0934 9.14e-05
#check[48.910]: 0.0926 4.06e-05
#check[48.956]: 0.0922 9.93e-06
#valid[49.000]: 0.1123 458.8s *
#check[49.040]: 0.1080 1.99e-03
#check[49.085]: 0.1113 1.97e-03
#check[49.130]: 0.1102 1.92e-03
#check[49.175]: 0.1076 1.86e-03
#check[49.221]: 0.1069 1.77e-03
#check[49.267]: 0.1056 1.67e-03
#check[49.313]: 0.1066 1.56e-03
#check[49.359]: 0.1029 1.43e-03
#check[49.405]: 0.1014 1.30e-03
#check[49.451]: 0.1008 1.16e-03
#check[49.498]: 0.1001 1.01e-03
#check[49.544]: 0.0977 8.67e-04
#check[49.590]: 0.0977 7.25e-04
#check[49.636]: 0.0958 5.89e-04
#check[49.682]: 0.0958 4.62e-04
#check[49.728]: 0.0939 3.46e-04
#check[49.774]: 0.0934 2.44e-04
#check[49.820]: 0.0927 1.57e-04
#check[49.867]: 0.0928 8.82e-05
#check[49.913]: 0.0928 3.85e-05
#check[49.959]: 0.0928 8.89e-06
#valid[50.000]: 0.1119 457.5s *
#check[50.040]: 0.1072 1.99e-03
#check[50.086]: 0.1102 1.96e-03
#check[50.132]: 0.1076 1.92e-03
#check[50.178]: 0.1081 1.85e-03
#check[50.225]: 0.1060 1.76e-03
#check[50.271]: 0.1047 1.66e-03
#check[50.317]: 0.1035 1.55e-03
#check[50.363]: 0.1016 1.42e-03
#check[50.409]: 0.1024 1.29e-03
#check[50.455]: 0.0998 1.14e-03
#check[50.501]: 0.0990 1.00e-03
#check[50.547]: 0.0971 8.56e-04
#check[50.593]: 0.0961 7.14e-04
#check[50.640]: 0.0952 5.79e-04
#check[50.686]: 0.0955 4.52e-04
#check[50.732]: 0.0940 3.37e-04
#check[50.778]: 0.0922 2.36e-04
#check[50.824]: 0.0923 1.51e-04
#check[50.870]: 0.0926 8.36e-05
#check[50.916]: 0.0916 3.54e-05
#check[50.962]: 0.0920 7.43e-06
#valid[51.000]: 0.1118 457.3s *
#check[51.040]: 0.1079 1.99e-03
#check[51.086]: 0.1084 1.96e-03
#check[51.131]: 0.1087 1.92e-03
#check[51.177]: 0.1061 1.85e-03
#check[51.223]: 0.1060 1.77e-03
#check[51.269]: 0.1072 1.67e-03
#check[51.316]: 0.1035 1.55e-03
#check[51.362]: 0.1014 1.42e-03
#check[51.408]: 0.1008 1.29e-03
#check[51.454]: 0.0990 1.15e-03
#check[51.500]: 0.0982 1.00e-03
#check[51.546]: 0.0966 8.59e-04
#check[51.592]: 0.0968 7.18e-04
#check[51.638]: 0.0950 5.82e-04
#check[51.684]: 0.0939 4.56e-04
#check[51.731]: 0.0935 3.40e-04
#check[51.777]: 0.0934 2.39e-04
#check[51.823]: 0.0932 1.53e-04
#check[51.869]: 0.0924 8.51e-05
#check[51.915]: 0.0921 3.64e-05
#check[51.961]: 0.0920 7.90e-06
#valid[52.000]: 0.1113 457.3s *
#check[52.040]: 0.1062 1.99e-03
#check[52.086]: 0.1083 1.96e-03
#check[52.132]: 0.1057 1.92e-03
#check[52.178]: 0.1066 1.85e-03
#check[52.225]: 0.1053 1.76e-03
#check[52.271]: 0.1042 1.66e-03
#check[52.317]: 0.1023 1.55e-03
#check[52.363]: 0.1013 1.42e-03
#check[52.409]: 0.1005 1.29e-03
#check[52.455]: 0.0997 1.14e-03
#check[52.501]: 0.0975 1.00e-03
#check[52.547]: 0.0962 8.56e-04
#check[52.593]: 0.0960 7.14e-04
#check[52.638]: 0.0947 5.82e-04
#check[52.684]: 0.0936 4.56e-04
#check[52.731]: 0.0946 3.40e-04
#check[52.777]: 0.0923 2.39e-04
#check[52.823]: 0.0917 1.53e-04
#check[52.869]: 0.0920 8.51e-05
#check[52.915]: 0.0912 3.64e-05
#check[52.961]: 0.0922 7.90e-06
#valid[53.000]: 0.1108 456.2s *
#check[53.040]: 0.1050 1.99e-03
#check[53.086]: 0.1087 1.96e-03
#check[53.131]: 0.1063 1.92e-03
#check[53.176]: 0.1091 1.85e-03
#check[53.222]: 0.1054 1.77e-03
#check[53.268]: 0.1048 1.67e-03
#check[53.313]: 0.1031 1.56e-03
#check[53.359]: 0.1019 1.43e-03
#check[53.402]: 0.0996 1.31e-03
#check[53.448]: 0.0979 1.17e-03
#check[53.494]: 0.0978 1.02e-03
#check[53.540]: 0.0967 8.78e-04
#check[53.586]: 0.0952 7.36e-04
#check[53.632]: 0.0946 6.00e-04
#check[53.678]: 0.0935 4.72e-04
#check[53.723]: 0.0928 3.58e-04
#check[53.769]: 0.0923 2.54e-04
#check[53.816]: 0.0914 1.65e-04
#check[53.862]: 0.0916 9.46e-05
#check[53.908]: 0.0912 4.28e-05
#check[53.954]: 0.0905 1.10e-05
#check[54.000]: 0.0905 7.27e-09
#valid[54.000]: 0.1109 459.6s *
#check[54.040]: 0.1057 1.99e-03
#check[54.086]: 0.1099 1.96e-03
#check[54.132]: 0.1075 1.92e-03
#check[54.178]: 0.1062 1.85e-03
#check[54.225]: 0.1062 1.76e-03
#check[54.271]: 0.1045 1.66e-03
#check[54.317]: 0.1033 1.55e-03
#check[54.363]: 0.1008 1.42e-03
#check[54.409]: 0.1013 1.29e-03
#check[54.455]: 0.0979 1.14e-03
#check[54.500]: 0.0975 1.00e-03
#check[54.546]: 0.0956 8.59e-04
#check[54.592]: 0.0948 7.18e-04
#check[54.638]: 0.0936 5.82e-04
#check[54.684]: 0.0932 4.56e-04
#check[54.731]: 0.0922 3.40e-04
#check[54.777]: 0.0919 2.39e-04
#check[54.823]: 0.0920 1.53e-04
#check[54.869]: 0.0910 8.51e-05
#check[54.915]: 0.0901 3.64e-05
#check[54.961]: 0.0901 7.90e-06
#valid[55.000]: 0.1105 458.0s *
#check[55.040]: 0.1050 1.99e-03
#check[55.085]: 0.1079 1.97e-03
#check[55.130]: 0.1057 1.92e-03
#check[55.176]: 0.1043 1.85e-03
#check[55.222]: 0.1073 1.77e-03
#check[55.268]: 0.1032 1.67e-03
#check[55.314]: 0.1020 1.55e-03
#check[55.358]: 0.0997 1.43e-03
#check[55.396]: 0.1008 1.33e-03
#check[55.437]: 0.0976 1.20e-03
#check[55.483]: 0.0984 1.06e-03
#check[55.528]: 0.0969 9.16e-04
#check[55.574]: 0.0952 7.73e-04
#check[55.620]: 0.0950 6.35e-04
#check[55.666]: 0.0922 5.04e-04
#check[55.712]: 0.0925 3.84e-04
#check[55.757]: 0.0920 2.80e-04
#check[55.802]: 0.0906 1.89e-04
#check[55.848]: 0.0908 1.13e-04
#check[55.894]: 0.0908 5.58e-05
#check[55.941]: 0.0903 1.81e-05
#check[55.987]: 0.0900 1.05e-06
#valid[56.000]: 0.1105 469.1s *
#check[56.041]: 0.1058 1.99e-03
#check[56.087]: 0.1045 1.96e-03
#check[56.133]: 0.1080 1.91e-03
#check[56.180]: 0.1047 1.85e-03
#check[56.226]: 0.1045 1.76e-03
#check[56.272]: 0.1032 1.66e-03
#check[56.318]: 0.1017 1.54e-03
#check[56.364]: 0.0992 1.42e-03
#check[56.410]: 0.0985 1.28e-03
#check[56.453]: 0.0973 1.15e-03
#check[56.499]: 0.0965 1.01e-03
#check[56.545]: 0.0948 8.63e-04
#check[56.591]: 0.0942 7.22e-04
#check[56.637]: 0.0931 5.86e-04
#check[56.683]: 0.0938 4.59e-04
#check[56.729]: 0.0912 3.43e-04
#check[56.775]: 0.0909 2.41e-04
#check[56.822]: 0.0906 1.55e-04
#check[56.868]: 0.0902 8.67e-05
#check[56.914]: 0.0904 3.74e-05
#check[56.960]: 0.0902 8.39e-06
#valid[57.000]: 0.1101 456.3s *
#check[57.041]: 0.1039 1.99e-03
#check[57.087]: 0.1067 1.96e-03
#check[57.133]: 0.1066 1.91e-03
#check[57.180]: 0.1047 1.85e-03
#check[57.226]: 0.1031 1.76e-03
#check[57.272]: 0.1020 1.66e-03
#check[57.318]: 0.1015 1.54e-03
#check[57.364]: 0.1005 1.42e-03
#check[57.410]: 0.0967 1.28e-03
#check[57.456]: 0.0983 1.14e-03
#check[57.502]: 0.0950 9.96e-04
#check[57.549]: 0.0952 8.52e-04
#check[57.595]: 0.0942 7.11e-04
#check[57.641]: 0.0936 5.75e-04
#check[57.687]: 0.0915 4.49e-04
#check[57.733]: 0.0912 3.34e-04
#check[57.779]: 0.0899 2.34e-04
#check[57.825]: 0.0896 1.49e-04
#check[57.870]: 0.0897 8.36e-05
#check[57.916]: 0.0890 3.54e-05
#check[57.961]: 0.0885 7.90e-06
#valid[58.000]: 0.1101 456.7s *
#check[58.040]: 0.1026 1.99e-03
#check[58.085]: 0.1067 1.97e-03
#check[58.131]: 0.1069 1.92e-03
#check[58.177]: 0.1058 1.85e-03
#check[58.223]: 0.1022 1.77e-03
#check[58.269]: 0.1034 1.67e-03
#check[58.316]: 0.1011 1.55e-03
#check[58.362]: 0.0985 1.42e-03
#check[58.408]: 0.0978 1.29e-03
#check[58.448]: 0.0972 1.17e-03
#check[58.493]: 0.0958 1.03e-03
#check[58.539]: 0.0946 8.82e-04
#check[58.584]: 0.0942 7.44e-04
#check[58.630]: 0.0932 6.07e-04
#check[58.676]: 0.0917 4.78e-04
#check[58.722]: 0.0911 3.60e-04
#check[58.768]: 0.0908 2.56e-04
#check[58.814]: 0.0907 1.67e-04
#check[58.860]: 0.0891 9.62e-05
#check[58.907]: 0.0895 4.39e-05
#check[58.953]: 0.0890 1.16e-05
#check[58.999]: 0.0892 2.91e-08
#valid[59.000]: 0.1098 460.9s *
#check[59.040]: 0.1037 1.99e-03
#check[59.086]: 0.1058 1.96e-03
#check[59.132]: 0.1039 1.92e-03
#check[59.178]: 0.1041 1.85e-03
#check[59.225]: 0.1025 1.76e-03
#check[59.271]: 0.1020 1.66e-03
#check[59.317]: 0.1012 1.55e-03
#check[59.363]: 0.0990 1.42e-03
#check[59.409]: 0.0978 1.29e-03
#check[59.455]: 0.0964 1.14e-03
#check[59.500]: 0.0946 1.00e-03
#check[59.546]: 0.0940 8.59e-04
#check[59.592]: 0.0933 7.18e-04
#check[59.638]: 0.0921 5.82e-04
#check[59.684]: 0.0914 4.56e-04
#check[59.731]: 0.0912 3.40e-04
#check[59.777]: 0.0897 2.39e-04
#check[59.823]: 0.0901 1.53e-04
#check[59.869]: 0.0891 8.51e-05
#check[59.915]: 0.0897 3.64e-05
#check[59.961]: 0.0886 7.90e-06
#valid[60.000]: 0.1100 455.2s *
#check[60.041]: 0.1043 1.99e-03
#check[60.087]: 0.1067 1.96e-03
#check[60.133]: 0.1041 1.91e-03
#check[60.180]: 0.1040 1.85e-03
#check[60.226]: 0.1015 1.76e-03
#check[60.272]: 0.1011 1.66e-03
#check[60.318]: 0.1008 1.54e-03
#check[60.364]: 0.0994 1.42e-03
#check[60.404]: 0.0973 1.30e-03
#check[60.450]: 0.0963 1.16e-03
#check[60.489]: 0.0952 1.04e-03
#check[60.535]: 0.0940 8.93e-04
#check[60.581]: 0.0932 7.51e-04
#check[60.627]: 0.0928 6.14e-04
#check[60.674]: 0.0914 4.85e-04
#check[60.720]: 0.0900 3.66e-04
#check[60.766]: 0.0899 2.61e-04
#check[60.812]: 0.0888 1.72e-04
#check[60.858]: 0.0889 9.95e-05
#check[60.904]: 0.0886 4.62e-05
#check[60.950]: 0.0893 1.28e-05
#check[60.996]: 0.0879 1.16e-07
#valid[61.000]: 0.1096 462.4s *
#check[61.041]: 0.1034 1.99e-03
#check[61.087]: 0.1055 1.96e-03
#check[61.133]: 0.1052 1.91e-03
#check[61.180]: 0.1034 1.85e-03
#check[61.226]: 0.1039 1.76e-03
#check[61.272]: 0.1008 1.66e-03
#check[61.318]: 0.1013 1.54e-03
#check[61.364]: 0.0982 1.42e-03
#check[61.410]: 0.0972 1.28e-03
#check[61.455]: 0.0955 1.14e-03
#check[61.501]: 0.0948 1.00e-03
#check[61.547]: 0.0929 8.56e-04
#check[61.593]: 0.0922 7.14e-04
#check[61.640]: 0.0920 5.79e-04
#check[61.686]: 0.0905 4.52e-04
#check[61.732]: 0.0903 3.37e-04
#check[61.778]: 0.0889 2.36e-04
#check[61.824]: 0.0897 1.51e-04
#check[61.870]: 0.0889 8.36e-05
#check[61.916]: 0.0892 3.54e-05
#check[61.962]: 0.0881 7.43e-06
#valid[62.000]: 0.1094 456.4s *
#check[62.040]: 0.1034 1.99e-03
#check[62.086]: 0.1047 1.96e-03
#check[62.132]: 0.1052 1.92e-03
#check[62.178]: 0.1056 1.85e-03
#check[62.225]: 0.1010 1.76e-03
#check[62.271]: 0.1011 1.66e-03
#check[62.317]: 0.0988 1.55e-03
#check[62.360]: 0.0982 1.43e-03
#check[62.407]: 0.0965 1.29e-03
#check[62.451]: 0.0962 1.16e-03
#check[62.498]: 0.0937 1.01e-03
#check[62.544]: 0.0932 8.67e-04
#check[62.590]: 0.0920 7.25e-04
#check[62.636]: 0.0916 5.89e-04
#check[62.682]: 0.0911 4.62e-04
#check[62.728]: 0.0894 3.46e-04
#check[62.774]: 0.0884 2.44e-04
#check[62.820]: 0.0884 1.57e-04
#check[62.867]: 0.0872 8.82e-05
#check[62.913]: 0.0883 3.85e-05
#check[62.959]: 0.0868 8.89e-06
#valid[63.000]: 0.1093 457.0s *
#check[63.040]: 0.1022 1.99e-03
#check[63.086]: 0.1053 1.96e-03
#check[63.131]: 0.1028 1.92e-03
#check[63.176]: 0.1039 1.85e-03
#check[63.222]: 0.1054 1.77e-03
#check[63.268]: 0.1048 1.67e-03
#check[63.314]: 0.0989 1.55e-03
#check[63.360]: 0.0973 1.43e-03
#check[63.407]: 0.0970 1.29e-03
#check[63.453]: 0.0953 1.15e-03
#check[63.493]: 0.0944 1.03e-03
#check[63.539]: 0.0934 8.82e-04
#check[63.585]: 0.0916 7.40e-04
#check[63.631]: 0.0911 6.03e-04
#check[63.677]: 0.0901 4.75e-04
#check[63.723]: 0.0900 3.58e-04
#check[63.769]: 0.0894 2.54e-04
#check[63.816]: 0.0883 1.65e-04
#check[63.862]: 0.0881 9.46e-05
#check[63.908]: 0.0876 4.28e-05
#check[63.954]: 0.0874 1.10e-05
#check[64.000]: 0.0874 7.27e-09
#valid[64.000]: 0.1091 459.4s *
#check[64.041]: 0.1010 1.99e-03
#check[64.087]: 0.1049 1.96e-03
#check[64.133]: 0.1036 1.91e-03
#check[64.180]: 0.1029 1.85e-03
#check[64.225]: 0.1016 1.76e-03
#check[64.271]: 0.1005 1.66e-03
#check[64.317]: 0.0978 1.55e-03
#check[64.363]: 0.0976 1.42e-03
#check[64.409]: 0.0971 1.29e-03
#check[64.454]: 0.0948 1.15e-03
#check[64.500]: 0.0939 1.00e-03
#check[64.546]: 0.0923 8.59e-04
#check[64.592]: 0.0920 7.18e-04
#check[64.638]: 0.0902 5.82e-04
#check[64.684]: 0.0893 4.56e-04
#check[64.731]: 0.0894 3.40e-04
#check[64.777]: 0.0878 2.39e-04
#check[64.823]: 0.0881 1.53e-04
#check[64.869]: 0.0876 8.51e-05
#check[64.915]: 0.0879 3.64e-05
#check[64.961]: 0.0875 7.90e-06
#valid[65.000]: 0.1089 458.7s *
#check[65.040]: 0.1028 1.99e-03
#check[65.085]: 0.1040 1.97e-03
#check[65.130]: 0.1026 1.92e-03
#check[65.175]: 0.1019 1.86e-03
#check[65.220]: 0.1006 1.77e-03
#check[65.266]: 0.0994 1.67e-03
#check[65.309]: 0.1001 1.57e-03
#check[65.350]: 0.0974 1.46e-03
#check[65.387]: 0.0968 1.35e-03
#check[65.425]: 0.0960 1.24e-03
#check[65.471]: 0.0936 1.10e-03
#check[65.516]: 0.0925 9.54e-04
#check[65.561]: 0.0928 8.14e-04
#check[65.607]: 0.0917 6.74e-04
#check[65.653]: 0.0914 5.41e-04
#check[65.699]: 0.0895 4.18e-04
#check[65.745]: 0.0889 3.07e-04
#check[65.791]: 0.0868 2.10e-04
#check[65.837]: 0.0874 1.30e-04
#check[65.882]: 0.0874 6.90e-05
#check[65.928]: 0.0874 2.61e-05
#check[65.975]: 0.0865 3.52e-06
#valid[66.000]: 0.1090 468.6s *
#check[66.040]: 0.0979 1.99e-03
#check[66.086]: 0.1035 1.96e-03
#check[66.132]: 0.1035 1.92e-03
#check[66.178]: 0.1013 1.85e-03
#check[66.225]: 0.1007 1.76e-03
#check[66.271]: 0.0981 1.66e-03
#check[66.317]: 0.0990 1.55e-03
#check[66.363]: 0.0990 1.42e-03
#check[66.408]: 0.0950 1.29e-03
#check[66.454]: 0.0935 1.15e-03
#check[66.500]: 0.0934 1.00e-03
#check[66.546]: 0.0937 8.59e-04
#check[66.592]: 0.0911 7.18e-04
#check[66.638]: 0.0902 5.82e-04
#check[66.684]: 0.0892 4.56e-04
#check[66.731]: 0.0883 3.40e-04
#check[66.777]: 0.0875 2.39e-04
#check[66.823]: 0.0868 1.53e-04
#check[66.869]: 0.0890 8.51e-05
#check[66.915]: 0.0856 3.64e-05
#check[66.961]: 0.0862 7.90e-06
#valid[67.000]: 0.1087 455.0s *
#check[67.040]: 0.1013 1.99e-03
#check[67.085]: 0.1028 1.97e-03
#check[67.130]: 0.1038 1.92e-03
#check[67.175]: 0.1014 1.86e-03
#check[67.221]: 0.1008 1.77e-03
#check[67.266]: 0.1000 1.67e-03
#check[67.312]: 0.0973 1.56e-03
#check[67.358]: 0.0972 1.43e-03
#check[67.402]: 0.0949 1.31e-03
#check[67.447]: 0.0935 1.17e-03
#check[67.492]: 0.0947 1.03e-03
#check[67.538]: 0.0916 8.86e-04
#check[67.583]: 0.0907 7.47e-04
#check[67.629]: 0.0899 6.10e-04
#check[67.675]: 0.0891 4.81e-04
#check[67.721]: 0.0886 3.63e-04
#check[67.767]: 0.0875 2.59e-04
#check[67.813]: 0.0865 1.70e-04
#check[67.859]: 0.0865 9.79e-05
#check[67.905]: 0.0869 4.50e-05
#check[67.951]: 0.0860 1.22e-05
#check[67.998]: 0.0864 6.54e-08
#valid[68.000]: 0.1087 461.1s *
#check[68.040]: 0.1005 1.99e-03
#check[68.085]: 0.1043 1.97e-03
#check[68.130]: 0.1033 1.92e-03
#check[68.174]: 0.1001 1.86e-03
#check[68.218]: 0.1005 1.78e-03
#check[68.265]: 0.1008 1.68e-03
#check[68.309]: 0.0975 1.57e-03
#check[68.356]: 0.0965 1.44e-03
#check[68.400]: 0.0956 1.31e-03
#check[68.445]: 0.0940 1.17e-03
#check[68.492]: 0.0924 1.03e-03
#check[68.538]: 0.0922 8.86e-04
#check[68.583]: 0.0910 7.47e-04
#check[68.629]: 0.0894 6.10e-04
#check[68.675]: 0.0890 4.81e-04
#check[68.721]: 0.0873 3.63e-04
#check[68.767]: 0.0874 2.59e-04
#check[68.813]: 0.0872 1.70e-04
#check[68.859]: 0.0858 9.79e-05
#check[68.905]: 0.0853 4.50e-05
#check[68.951]: 0.0857 1.22e-05
#check[68.998]: 0.0860 6.54e-08
#valid[69.000]: 0.1087 458.4s *
#check[69.041]: 0.1001 1.99e-03
#check[69.087]: 0.1016 1.96e-03
#check[69.133]: 0.1019 1.91e-03
#check[69.180]: 0.1003 1.85e-03
#check[69.226]: 0.0995 1.76e-03
#check[69.272]: 0.1002 1.66e-03
#check[69.318]: 0.0984 1.54e-03
#check[69.364]: 0.0955 1.42e-03
#check[69.410]: 0.0967 1.28e-03
#check[69.456]: 0.0940 1.14e-03
#check[69.502]: 0.0927 9.96e-04
#check[69.549]: 0.0927 8.52e-04
#check[69.595]: 0.0901 7.11e-04
#check[69.641]: 0.0896 5.75e-04
#check[69.687]: 0.0885 4.49e-04
#check[69.733]: 0.0875 3.34e-04
#check[69.779]: 0.0878 2.34e-04
#check[69.825]: 0.0861 1.49e-04
#check[69.871]: 0.0861 8.21e-05
#check[69.917]: 0.0856 3.44e-05
#check[69.964]: 0.0859 6.98e-06
#valid[70.000]: 0.1087 454.2s *
#check[70.041]: 0.1000 1.99e-03
#check[70.087]: 0.1040 1.96e-03
#check[70.133]: 0.1061 1.91e-03
#check[70.180]: 0.1000 1.85e-03
#check[70.226]: 0.1003 1.76e-03
#check[70.272]: 0.0963 1.66e-03
#check[70.318]: 0.0965 1.54e-03
#check[70.364]: 0.0957 1.42e-03
#check[70.410]: 0.0937 1.28e-03
#check[70.456]: 0.0924 1.14e-03
#check[70.502]: 0.0929 9.96e-04
#check[70.549]: 0.0902 8.52e-04
#check[70.595]: 0.0901 7.11e-04
#check[70.641]: 0.0893 5.75e-04
#check[70.687]: 0.0888 4.49e-04
#check[70.733]: 0.0872 3.34e-04
#check[70.779]: 0.0867 2.34e-04
#check[70.825]: 0.0869 1.49e-04
#check[70.871]: 0.0859 8.21e-05
#check[70.917]: 0.0856 3.44e-05
#check[70.964]: 0.0860 6.98e-06
#valid[71.000]: 0.1084 454.8s *
#check[71.040]: 0.0974 1.99e-03
#check[71.086]: 0.1021 1.96e-03
#check[71.132]: 0.1007 1.92e-03
#check[71.178]: 0.1004 1.85e-03
#check[71.225]: 0.0982 1.76e-03
#check[71.271]: 0.0974 1.66e-03
#check[71.317]: 0.0957 1.55e-03
#check[71.363]: 0.0949 1.42e-03
#check[71.409]: 0.0944 1.29e-03
#check[71.455]: 0.0938 1.14e-03
#check[71.501]: 0.0915 1.00e-03
#check[71.547]: 0.0915 8.56e-04
#check[71.593]: 0.0906 7.14e-04
#check[71.640]: 0.0882 5.79e-04
#check[71.686]: 0.0879 4.52e-04
#check[71.732]: 0.0874 3.37e-04
#check[71.778]: 0.0867 2.36e-04
#check[71.824]: 0.0863 1.51e-04
#check[71.870]: 0.0847 8.36e-05
#check[71.916]: 0.0853 3.54e-05
#check[71.962]: 0.0847 7.43e-06
#valid[72.000]: 0.1081 453.8s *
#check[72.041]: 0.0993 1.99e-03
#check[72.087]: 0.1008 1.96e-03
#check[72.133]: 0.0990 1.91e-03
#check[72.180]: 0.1007 1.85e-03
#check[72.226]: 0.0983 1.76e-03
#check[72.272]: 0.0974 1.66e-03
#check[72.318]: 0.0967 1.54e-03
#check[72.364]: 0.0950 1.42e-03
#check[72.410]: 0.0937 1.28e-03
#check[72.449]: 0.0927 1.16e-03
#check[72.495]: 0.0920 1.02e-03
#check[72.541]: 0.0900 8.75e-04
#check[72.587]: 0.0900 7.33e-04
#check[72.633]: 0.0884 5.96e-04
#check[72.680]: 0.0882 4.68e-04
#check[72.726]: 0.0859 3.52e-04
#check[72.772]: 0.0860 2.49e-04
#check[72.818]: 0.0855 1.61e-04
#check[72.864]: 0.0856 9.14e-05
#check[72.910]: 0.0858 4.06e-05
#check[72.956]: 0.0856 9.93e-06
#valid[73.000]: 0.1083 457.3s *
#check[73.041]: 0.1000 1.99e-03
#check[73.087]: 0.1013 1.96e-03
#check[73.133]: 0.1014 1.91e-03
#check[73.180]: 0.1001 1.85e-03
#check[73.226]: 0.0996 1.76e-03
#check[73.272]: 0.0985 1.66e-03
#check[73.318]: 0.0965 1.54e-03
#check[73.364]: 0.0944 1.42e-03
#check[73.410]: 0.0937 1.28e-03
#check[73.456]: 0.0934 1.14e-03
#check[73.496]: 0.0931 1.02e-03
#check[73.542]: 0.0904 8.71e-04
#check[73.589]: 0.0897 7.29e-04
#check[73.635]: 0.0875 5.93e-04
#check[73.681]: 0.0864 4.65e-04
#check[73.727]: 0.0867 3.49e-04
#check[73.773]: 0.0863 2.46e-04
#check[73.819]: 0.0849 1.59e-04
#check[73.865]: 0.0862 8.98e-05
#check[73.911]: 0.0854 3.95e-05
#check[73.958]: 0.0850 9.40e-06
#valid[74.000]: 0.1079 455.7s *
#check[74.040]: 0.0981 1.99e-03
#check[74.086]: 0.1019 1.96e-03
#check[74.132]: 0.1005 1.92e-03
#check[74.178]: 0.0992 1.85e-03
#check[74.225]: 0.0984 1.76e-03
#check[74.271]: 0.0974 1.66e-03
#check[74.317]: 0.0949 1.55e-03
#check[74.363]: 0.0949 1.42e-03
#check[74.409]: 0.0929 1.29e-03
#check[74.455]: 0.0915 1.14e-03
#check[74.501]: 0.0917 1.00e-03
#check[74.547]: 0.0896 8.56e-04
#check[74.593]: 0.0883 7.14e-04
#check[74.640]: 0.0883 5.79e-04
#check[74.686]: 0.0869 4.52e-04
#check[74.732]: 0.0861 3.37e-04
#check[74.778]: 0.0861 2.36e-04
#check[74.824]: 0.0844 1.51e-04
#check[74.870]: 0.0839 8.36e-05
#check[74.916]: 0.0849 3.54e-05
#check[74.962]: 0.0841 7.43e-06
#valid[75.000]: 0.1078 454.4s *
#check[75.041]: 0.0978 1.99e-03
#check[75.087]: 0.0992 1.96e-03
#check[75.133]: 0.0988 1.91e-03
#check[75.180]: 0.1000 1.85e-03
#check[75.226]: 0.0983 1.76e-03
#check[75.272]: 0.0969 1.66e-03
#check[75.318]: 0.0958 1.54e-03
#check[75.364]: 0.0940 1.42e-03
#check[75.410]: 0.0917 1.28e-03
#check[75.456]: 0.0922 1.14e-03
#check[75.502]: 0.0908 9.96e-04
#check[75.549]: 0.0888 8.52e-04
#check[75.595]: 0.0890 7.11e-04
#check[75.641]: 0.0882 5.75e-04
#check[75.687]: 0.0877 4.49e-04
#check[75.733]: 0.0863 3.34e-04
#check[75.779]: 0.0852 2.34e-04
#check[75.825]: 0.0849 1.49e-04
#check[75.871]: 0.0842 8.21e-05
#check[75.917]: 0.0847 3.44e-05
#check[75.964]: 0.0838 6.98e-06
#valid[76.000]: 0.1076 455.7s *
#check[76.041]: 0.0965 1.99e-03
#check[76.087]: 0.1004 1.96e-03
#check[76.133]: 0.1002 1.91e-03
#check[76.180]: 0.1007 1.85e-03
#check[76.226]: 0.0973 1.76e-03
#check[76.272]: 0.0959 1.66e-03
#check[76.318]: 0.0963 1.54e-03
#check[76.364]: 0.0961 1.42e-03
#check[76.410]: 0.0926 1.28e-03
#check[76.454]: 0.0922 1.15e-03
#check[76.492]: 0.0920 1.03e-03
#check[76.538]: 0.0891 8.86e-04
#check[76.584]: 0.0881 7.44e-04
#check[76.630]: 0.0870 6.07e-04
#check[76.676]: 0.0871 4.78e-04
#check[76.722]: 0.0861 3.60e-04
#check[76.768]: 0.0851 2.56e-04
#check[76.814]: 0.0854 1.67e-04
#check[76.860]: 0.0845 9.62e-05
#check[76.907]: 0.0841 4.39e-05
#check[76.953]: 0.0843 1.16e-05
#check[76.999]: 0.0842 2.91e-08
#valid[77.000]: 0.1078 460.8s *
#check[77.040]: 0.0965 1.99e-03
#check[77.085]: 0.1003 1.97e-03
#check[77.130]: 0.1001 1.92e-03
#check[77.175]: 0.0987 1.86e-03
#check[77.220]: 0.0972 1.77e-03
#check[77.265]: 0.0971 1.68e-03
#check[77.311]: 0.0978 1.56e-03
#check[77.351]: 0.0928 1.46e-03
#check[77.393]: 0.0929 1.33e-03
#check[77.437]: 0.0912 1.20e-03
#check[77.483]: 0.0906 1.06e-03
#check[77.529]: 0.0901 9.12e-04
#check[77.575]: 0.0883 7.70e-04
#check[77.621]: 0.0878 6.31e-04
#check[77.666]: 0.0865 5.04e-04
#check[77.712]: 0.0862 3.84e-04
#check[77.758]: 0.0844 2.77e-04
#check[77.805]: 0.0851 1.85e-04
#check[77.851]: 0.0839 1.10e-04
#check[77.897]: 0.0840 5.33e-05
#check[77.943]: 0.0837 1.67e-05
#check[77.989]: 0.0841 7.27e-07
#valid[78.000]: 0.1078 471.0s *
#check[78.040]: 0.1019 1.99e-03
#check[78.086]: 0.0999 1.96e-03
#check[78.132]: 0.0977 1.92e-03
#check[78.177]: 0.0980 1.85e-03
#check[78.223]: 0.0964 1.77e-03
#check[78.269]: 0.0950 1.67e-03
#check[78.314]: 0.0952 1.55e-03
#check[78.360]: 0.0937 1.43e-03
#check[78.407]: 0.0938 1.29e-03
#check[78.453]: 0.0911 1.15e-03
#check[78.499]: 0.0901 1.01e-03
#check[78.545]: 0.0890 8.63e-04
#check[78.591]: 0.0876 7.22e-04
#check[78.637]: 0.0865 5.86e-04
#check[78.683]: 0.0863 4.59e-04
#check[78.729]: 0.0851 3.43e-04
#check[78.775]: 0.0840 2.41e-04
#check[78.822]: 0.0847 1.55e-04
#check[78.868]: 0.0839 8.67e-05
#check[78.913]: 0.0833 3.85e-05
#check[78.959]: 0.0834 8.89e-06
#valid[79.000]: 0.1076 457.9s *
#check[79.041]: 0.0992 1.99e-03
#check[79.087]: 0.1014 1.96e-03
#check[79.133]: 0.0971 1.91e-03
#check[79.180]: 0.0985 1.85e-03
#check[79.226]: 0.0971 1.76e-03
#check[79.272]: 0.0950 1.66e-03
#check[79.318]: 0.0952 1.54e-03
#check[79.364]: 0.0931 1.42e-03
#check[79.410]: 0.0919 1.28e-03
#check[79.456]: 0.0903 1.14e-03
#check[79.502]: 0.0893 9.96e-04
#check[79.549]: 0.0887 8.52e-04
#check[79.595]: 0.0870 7.11e-04
#check[79.641]: 0.0867 5.75e-04
#check[79.687]: 0.0865 4.49e-04
#check[79.733]: 0.0848 3.34e-04
#check[79.779]: 0.0841 2.34e-04
#check[79.825]: 0.0840 1.49e-04
#check[79.871]: 0.0831 8.21e-05
#check[79.917]: 0.0832 3.44e-05
#check[79.964]: 0.0837 6.98e-06
#valid[80.000]: 0.1075 456.4s *
#check[80.040]: 0.0965 1.99e-03
#check[80.085]: 0.1001 1.97e-03
#check[80.131]: 0.0986 1.92e-03
#check[80.177]: 0.0977 1.85e-03
#check[80.223]: 0.0964 1.77e-03
#check[80.269]: 0.0954 1.67e-03
#check[80.316]: 0.0941 1.55e-03
#check[80.362]: 0.0943 1.42e-03
#check[80.399]: 0.0932 1.31e-03
#check[80.443]: 0.0912 1.18e-03
#check[80.489]: 0.0892 1.04e-03
#check[80.535]: 0.0895 8.93e-04
#check[80.581]: 0.0876 7.51e-04
#check[80.627]: 0.0869 6.14e-04
#check[80.674]: 0.0865 4.85e-04
#check[80.720]: 0.0842 3.66e-04
#check[80.766]: 0.0848 2.61e-04
#check[80.812]: 0.0839 1.72e-04
#check[80.858]: 0.0835 9.95e-05
#check[80.904]: 0.0833 4.62e-05
#check[80.950]: 0.0829 1.28e-05
#check[80.996]: 0.0836 1.16e-07
#valid[81.000]: 0.1074 465.1s *
#check[81.040]: 0.0966 1.99e-03
#check[81.086]: 0.0982 1.96e-03
#check[81.132]: 0.0984 1.92e-03
#check[81.178]: 0.0967 1.85e-03
#check[81.225]: 0.0962 1.76e-03
#check[81.271]: 0.0951 1.66e-03
#check[81.317]: 0.0934 1.55e-03
#check[81.363]: 0.0936 1.42e-03
#check[81.409]: 0.0925 1.29e-03
#check[81.455]: 0.0913 1.14e-03
#check[81.501]: 0.0892 1.00e-03
#check[81.547]: 0.0890 8.56e-04
#check[81.593]: 0.0876 7.14e-04
#check[81.640]: 0.0866 5.79e-04
#check[81.686]: 0.0847 4.52e-04
#check[81.732]: 0.0853 3.37e-04
#check[81.778]: 0.0851 2.36e-04
#check[81.824]: 0.0838 1.51e-04
#check[81.869]: 0.0833 8.51e-05
#check[81.915]: 0.0823 3.64e-05
#check[81.960]: 0.0825 8.39e-06
#valid[82.000]: 0.1069 457.8s *
#check[82.041]: 0.0947 1.99e-03
#check[82.087]: 0.0981 1.96e-03
#check[82.132]: 0.0988 1.92e-03
#check[82.178]: 0.0992 1.85e-03
#check[82.225]: 0.0959 1.76e-03
#check[82.269]: 0.0974 1.67e-03
#check[82.316]: 0.0970 1.55e-03
#check[82.362]: 0.0927 1.42e-03
#check[82.408]: 0.0920 1.29e-03
#check[82.454]: 0.0908 1.15e-03
#check[82.500]: 0.0899 1.00e-03
#check[82.546]: 0.0880 8.59e-04
#check[82.592]: 0.0865 7.18e-04
#check[82.638]: 0.0864 5.82e-04
#check[82.684]: 0.0860 4.56e-04
#check[82.731]: 0.0846 3.40e-04
#check[82.777]: 0.0833 2.39e-04
#check[82.823]: 0.0837 1.53e-04
#check[82.869]: 0.0828 8.51e-05
#check[82.915]: 0.0824 3.64e-05
#check[82.961]: 0.0821 7.90e-06
#valid[83.000]: 0.1071 456.9s *
#check[83.040]: 0.0951 1.99e-03
#check[83.086]: 0.0986 1.96e-03
#check[83.132]: 0.1005 1.92e-03
#check[83.178]: 0.0977 1.85e-03
#check[83.225]: 0.0947 1.76e-03
#check[83.271]: 0.0938 1.66e-03
#check[83.317]: 0.0938 1.55e-03
#check[83.363]: 0.0923 1.42e-03
#check[83.409]: 0.0918 1.29e-03
#check[83.455]: 0.0890 1.14e-03
#check[83.501]: 0.0894 1.00e-03
#check[83.547]: 0.0883 8.56e-04
#check[83.593]: 0.0861 7.14e-04
#check[83.640]: 0.0858 5.79e-04
#check[83.686]: 0.0843 4.52e-04
#check[83.732]: 0.0844 3.37e-04
#check[83.778]: 0.0835 2.36e-04
#check[83.824]: 0.0832 1.51e-04
#check[83.870]: 0.0833 8.36e-05
#check[83.916]: 0.0823 3.54e-05
#check[83.962]: 0.0820 7.43e-06
#valid[84.000]: 0.1071 457.0s *
#check[84.040]: 0.0984 1.99e-03
#check[84.086]: 0.0979 1.96e-03
#check[84.132]: 0.0996 1.92e-03
#check[84.178]: 0.0972 1.85e-03
#check[84.225]: 0.0947 1.76e-03
#check[84.271]: 0.0937 1.66e-03
#check[84.317]: 0.0931 1.55e-03
#check[84.363]: 0.0913 1.42e-03
#check[84.409]: 0.0893 1.29e-03
#check[84.455]: 0.0905 1.14e-03
#check[84.501]: 0.0887 1.00e-03
#check[84.547]: 0.0884 8.56e-04
#check[84.593]: 0.0867 7.14e-04
#check[84.640]: 0.0852 5.79e-04
#check[84.686]: 0.0852 4.52e-04
#check[84.732]: 0.0843 3.37e-04
#check[84.778]: 0.0829 2.36e-04
#check[84.824]: 0.0827 1.51e-04
#check[84.870]: 0.0823 8.36e-05
#check[84.916]: 0.0823 3.54e-05
#check[84.962]: 0.0819 7.43e-06
#valid[85.000]: 0.1069 457.1s *
#check[85.040]: 0.0946 1.99e-03
#check[85.086]: 0.0976 1.96e-03
#check[85.132]: 0.0961 1.92e-03
#check[85.178]: 0.0961 1.85e-03
#check[85.223]: 0.0963 1.77e-03
#check[85.269]: 0.0961 1.67e-03
#check[85.316]: 0.0941 1.55e-03
#check[85.362]: 0.0921 1.42e-03
#check[85.407]: 0.0917 1.29e-03
#check[85.442]: 0.0897 1.19e-03
#check[85.481]: 0.0885 1.06e-03
#check[85.527]: 0.0884 9.20e-04
#check[85.573]: 0.0864 7.77e-04
#check[85.619]: 0.0864 6.39e-04
#check[85.665]: 0.0858 5.08e-04
#check[85.711]: 0.0843 3.87e-04
#check[85.757]: 0.0829 2.80e-04
#check[85.802]: 0.0828 1.89e-04
#check[85.848]: 0.0825 1.13e-04
#check[85.894]: 0.0822 5.58e-05
#check[85.941]: 0.0817 1.81e-05
#check[85.987]: 0.0825 1.05e-06
#valid[86.000]: 0.1070 467.9s *
#check[86.040]: 0.0950 1.99e-03
#check[86.086]: 0.0970 1.96e-03
#check[86.132]: 0.0961 1.92e-03
#check[86.177]: 0.0965 1.85e-03
#check[86.222]: 0.0963 1.77e-03
#check[86.268]: 0.0932 1.67e-03
#check[86.314]: 0.0931 1.55e-03
#check[86.360]: 0.0924 1.43e-03
#check[86.407]: 0.0889 1.29e-03
#check[86.453]: 0.0895 1.15e-03
#check[86.495]: 0.0884 1.02e-03
#check[86.541]: 0.0878 8.75e-04
#check[86.587]: 0.0873 7.33e-04
#check[86.633]: 0.0854 5.96e-04
#check[86.680]: 0.0843 4.68e-04
#check[86.726]: 0.0836 3.52e-04
#check[86.772]: 0.0821 2.49e-04
#check[86.818]: 0.0831 1.61e-04
#check[86.864]: 0.0823 9.14e-05
#check[86.910]: 0.0819 4.06e-05
#check[86.956]: 0.0820 9.93e-06
#valid[87.000]: 0.1066 459.1s *
#check[87.040]: 0.0941 1.99e-03
#check[87.086]: 0.1016 1.96e-03
#check[87.132]: 0.0962 1.92e-03
#check[87.178]: 0.0965 1.85e-03
#check[87.223]: 0.0953 1.77e-03
#check[87.269]: 0.0938 1.67e-03
#check[87.316]: 0.0920 1.55e-03
#check[87.360]: 0.0920 1.43e-03
#check[87.407]: 0.0902 1.29e-03
#check[87.453]: 0.0888 1.15e-03
#check[87.499]: 0.0888 1.01e-03
#check[87.545]: 0.0875 8.63e-04
#check[87.591]: 0.0862 7.22e-04
#check[87.637]: 0.0858 5.86e-04
#check[87.683]: 0.0841 4.59e-04
#check[87.729]: 0.0827 3.43e-04
#check[87.775]: 0.0827 2.41e-04
#check[87.822]: 0.0814 1.55e-04
#check[87.868]: 0.0820 8.67e-05
#check[87.914]: 0.0811 3.74e-05
#check[87.960]: 0.0807 8.39e-06
#valid[88.000]: 0.1068 456.7s *
#check[88.040]: 0.0942 1.99e-03
#check[88.086]: 0.0966 1.96e-03
#check[88.132]: 0.0969 1.92e-03
#check[88.178]: 0.0971 1.85e-03
#check[88.225]: 0.0956 1.76e-03
#check[88.271]: 0.0932 1.66e-03
#check[88.316]: 0.0918 1.55e-03
#check[88.362]: 0.0904 1.42e-03
#check[88.404]: 0.0913 1.30e-03
#check[88.447]: 0.0890 1.17e-03
#check[88.493]: 0.0887 1.03e-03
#check[88.539]: 0.0865 8.82e-04
#check[88.585]: 0.0856 7.40e-04
#check[88.631]: 0.0845 6.03e-04
#check[88.677]: 0.0837 4.75e-04
#check[88.723]: 0.0835 3.58e-04
#check[88.769]: 0.0833 2.54e-04
#check[88.816]: 0.0822 1.65e-04
#check[88.862]: 0.0823 9.46e-05
#check[88.908]: 0.0817 4.28e-05
#check[88.954]: 0.0815 1.10e-05
#check[89.000]: 0.0818 7.27e-09
#valid[89.000]: 0.1069 460.0s *
#check[89.041]: 0.0953 1.99e-03
#check[89.087]: 0.0973 1.96e-03
#check[89.133]: 0.0992 1.91e-03
#check[89.180]: 0.0967 1.85e-03
#check[89.226]: 0.0952 1.76e-03
#check[89.272]: 0.0938 1.66e-03
#check[89.318]: 0.0917 1.54e-03
#check[89.364]: 0.0922 1.42e-03
#check[89.410]: 0.0905 1.28e-03
#check[89.456]: 0.0881 1.14e-03
#check[89.502]: 0.0875 9.96e-04
#check[89.549]: 0.0868 8.52e-04
#check[89.593]: 0.0858 7.14e-04
#check[89.638]: 0.0848 5.82e-04
#check[89.684]: 0.0834 4.56e-04
#check[89.731]: 0.0830 3.40e-04
#check[89.777]: 0.0824 2.39e-04
#check[89.823]: 0.0817 1.53e-04
#check[89.869]: 0.0816 8.51e-05
#check[89.915]: 0.0812 3.64e-05
#check[89.960]: 0.0803 8.39e-06
#valid[90.000]: 0.1067 457.6s *
#check[90.040]: 0.0934 1.99e-03
#check[90.086]: 0.0949 1.96e-03
#check[90.132]: 0.0987 1.92e-03
#check[90.178]: 0.0975 1.85e-03
#check[90.225]: 0.0943 1.76e-03
#check[90.271]: 0.0936 1.66e-03
#check[90.317]: 0.0917 1.55e-03
#check[90.363]: 0.0908 1.42e-03
#check[90.409]: 0.0896 1.29e-03
#check[90.455]: 0.0886 1.14e-03
#check[90.501]: 0.0881 1.00e-03
#check[90.547]: 0.0883 8.56e-04
#check[90.593]: 0.0854 7.14e-04
#check[90.640]: 0.0837 5.79e-04
#check[90.686]: 0.0833 4.52e-04
#check[90.732]: 0.0816 3.37e-04
#check[90.778]: 0.0830 2.36e-04
#check[90.824]: 0.0816 1.51e-04
#check[90.870]: 0.0802 8.36e-05
#check[90.916]: 0.0808 3.54e-05
#check[90.962]: 0.0814 7.43e-06
#valid[91.000]: 0.1064 456.8s *
#check[91.040]: 0.0943 1.99e-03
#check[91.086]: 0.0970 1.96e-03
#check[91.132]: 0.0960 1.92e-03
#check[91.178]: 0.0944 1.85e-03
#check[91.225]: 0.0941 1.76e-03
#check[91.271]: 0.0934 1.66e-03
#check[91.317]: 0.0938 1.55e-03
#check[91.363]: 0.0907 1.42e-03
#check[91.409]: 0.0891 1.29e-03
#check[91.448]: 0.0890 1.17e-03
#check[91.494]: 0.0862 1.02e-03
#check[91.540]: 0.0868 8.78e-04
#check[91.586]: 0.0850 7.36e-04
#check[91.632]: 0.0847 6.00e-04
#check[91.678]: 0.0831 4.72e-04
#check[91.725]: 0.0828 3.55e-04
#check[91.771]: 0.0823 2.51e-04
#check[91.817]: 0.0808 1.63e-04
#check[91.863]: 0.0824 9.30e-05
#check[91.908]: 0.0811 4.28e-05
#check[91.954]: 0.0811 1.10e-05
#check[92.000]: 0.0802 7.27e-09
#valid[92.000]: 0.1063 460.7s *
#check[92.040]: 0.0943 1.99e-03
#check[92.086]: 0.0946 1.96e-03
#check[92.132]: 0.0962 1.92e-03
#check[92.178]: 0.0963 1.85e-03
#check[92.223]: 0.0936 1.77e-03
#check[92.269]: 0.0927 1.67e-03
#check[92.316]: 0.0911 1.55e-03
#check[92.362]: 0.0926 1.42e-03
#check[92.408]: 0.0889 1.29e-03
#check[92.451]: 0.0874 1.16e-03
#check[92.498]: 0.0868 1.01e-03
#check[92.544]: 0.0865 8.67e-04
#check[92.590]: 0.0852 7.25e-04
#check[92.636]: 0.0836 5.89e-04
#check[92.682]: 0.0832 4.62e-04
#check[92.728]: 0.0824 3.46e-04
#check[92.774]: 0.0819 2.44e-04
#check[92.820]: 0.0814 1.57e-04
#check[92.867]: 0.0809 8.82e-05
#check[92.913]: 0.0804 3.85e-05
#check[92.959]: 0.0799 8.89e-06
#valid[93.000]: 0.1063 458.5s *
#check[93.040]: 0.0940 1.99e-03
#check[93.086]: 0.0965 1.96e-03
#check[93.132]: 0.0960 1.92e-03
#check[93.178]: 0.0948 1.85e-03
#check[93.225]: 0.0942 1.76e-03
#check[93.271]: 0.0928 1.66e-03
#check[93.317]: 0.0907 1.55e-03
#check[93.363]: 0.0900 1.42e-03
#check[93.408]: 0.0898 1.29e-03
#check[93.454]: 0.0891 1.15e-03
#check[93.500]: 0.0868 1.00e-03
#check[93.546]: 0.0859 8.59e-04
#check[93.592]: 0.0844 7.18e-04
#check[93.637]: 0.0834 5.86e-04
#check[93.682]: 0.0827 4.62e-04
#check[93.728]: 0.0826 3.46e-04
#check[93.774]: 0.0819 2.44e-04
#check[93.819]: 0.0813 1.59e-04
#check[93.864]: 0.0803 9.14e-05
#check[93.910]: 0.0808 4.06e-05
#check[93.955]: 0.0802 1.05e-05
#check[94.000]: 0.0810 7.27e-09
#valid[94.000]: 0.1063 457.5s *
#check[94.040]: 0.0936 1.99e-03
#check[94.086]: 0.0951 1.96e-03
#check[94.132]: 0.0960 1.92e-03
#check[94.178]: 0.0943 1.85e-03
#check[94.225]: 0.0927 1.76e-03
#check[94.271]: 0.0926 1.66e-03
#check[94.317]: 0.0917 1.55e-03
#check[94.363]: 0.0908 1.42e-03
#check[94.409]: 0.0884 1.29e-03
#check[94.454]: 0.0874 1.15e-03
#check[94.500]: 0.0870 1.00e-03
#check[94.546]: 0.0849 8.59e-04
#check[94.592]: 0.0844 7.18e-04
#check[94.638]: 0.0834 5.82e-04
#check[94.684]: 0.0825 4.56e-04
#check[94.731]: 0.0821 3.40e-04
#check[94.777]: 0.0807 2.39e-04
#check[94.823]: 0.0807 1.53e-04
#check[94.869]: 0.0799 8.51e-05
#check[94.915]: 0.0802 3.64e-05
#check[94.961]: 0.0807 7.90e-06
#valid[95.000]: 0.1063 456.7s *
#check[95.040]: 0.0935 1.99e-03
#check[95.086]: 0.0956 1.96e-03
#check[95.132]: 0.0952 1.92e-03
#check[95.178]: 0.0941 1.85e-03
#check[95.225]: 0.0926 1.76e-03
#check[95.268]: 0.0937 1.67e-03
#check[95.314]: 0.0908 1.55e-03
#check[95.357]: 0.0897 1.44e-03
#check[95.386]: 0.0899 1.35e-03
#check[95.421]: 0.0893 1.25e-03
#check[95.447]: 0.0874 1.17e-03
#check[95.493]: 0.0862 1.03e-03
#check[95.539]: 0.0856 8.82e-04
#check[95.585]: 0.0841 7.40e-04
#check[95.631]: 0.0828 6.03e-04
#check[95.677]: 0.0829 4.75e-04
#check[95.723]: 0.0818 3.58e-04
#check[95.769]: 0.0817 2.54e-04
#check[95.816]: 0.0801 1.65e-04
#check[95.862]: 0.0805 9.46e-05
#check[95.908]: 0.0791 4.28e-05
#check[95.954]: 0.0799 1.10e-05
#check[96.000]: 0.0800 7.27e-09
#valid[96.000]: 0.1061 480.3s *
#check[96.040]: 0.0946 1.99e-03
#check[96.086]: 0.0958 1.96e-03
#check[96.132]: 0.0945 1.92e-03
#check[96.178]: 0.0938 1.85e-03
#check[96.225]: 0.0935 1.76e-03
#check[96.271]: 0.0915 1.66e-03
#check[96.317]: 0.0906 1.55e-03
#check[96.363]: 0.0904 1.42e-03
#check[96.409]: 0.0888 1.29e-03
#check[96.455]: 0.0878 1.14e-03
#check[96.501]: 0.0862 1.00e-03
#check[96.547]: 0.0861 8.56e-04
#check[96.593]: 0.0839 7.14e-04
#check[96.640]: 0.0837 5.79e-04
#check[96.686]: 0.0826 4.52e-04
#check[96.732]: 0.0815 3.37e-04
#check[96.778]: 0.0813 2.36e-04
#check[96.824]: 0.0808 1.51e-04
#check[96.870]: 0.0797 8.36e-05
#check[96.916]: 0.0799 3.54e-05
#check[96.962]: 0.0796 7.43e-06
#valid[97.000]: 0.1062 457.4s *
#check[97.040]: 0.0922 1.99e-03
#check[97.086]: 0.0937 1.96e-03
#check[97.132]: 0.0952 1.92e-03
#check[97.178]: 0.0942 1.85e-03
#check[97.225]: 0.0947 1.76e-03
#check[97.271]: 0.0932 1.66e-03
#check[97.317]: 0.0901 1.55e-03
#check[97.363]: 0.0904 1.42e-03
#check[97.408]: 0.0886 1.29e-03
#check[97.447]: 0.0871 1.17e-03
#check[97.482]: 0.0865 1.06e-03
#check[97.528]: 0.0858 9.16e-04
#check[97.574]: 0.0839 7.73e-04
#check[97.620]: 0.0840 6.35e-04
#check[97.666]: 0.0826 5.04e-04
#check[97.712]: 0.0813 3.84e-04
#check[97.758]: 0.0812 2.77e-04
#check[97.805]: 0.0804 1.85e-04
#check[97.851]: 0.0801 1.10e-04
#check[97.897]: 0.0795 5.33e-05
#check[97.943]: 0.0802 1.67e-05
#check[97.989]: 0.0786 7.27e-07
#valid[98.000]: 0.1060 472.7s *
#check[98.041]: 0.0918 1.99e-03
#check[98.087]: 0.0946 1.96e-03
#check[98.133]: 0.0942 1.91e-03
#check[98.180]: 0.0924 1.85e-03
#check[98.226]: 0.0929 1.76e-03
#check[98.272]: 0.0909 1.66e-03
#check[98.318]: 0.0911 1.54e-03
#check[98.364]: 0.0901 1.42e-03
#check[98.409]: 0.0879 1.29e-03
#check[98.455]: 0.0869 1.14e-03
#check[98.501]: 0.0862 1.00e-03
#check[98.547]: 0.0839 8.56e-04
#check[98.593]: 0.0843 7.14e-04
#check[98.640]: 0.0827 5.79e-04
#check[98.686]: 0.0817 4.52e-04
#check[98.732]: 0.0811 3.37e-04
#check[98.778]: 0.0812 2.36e-04
#check[98.824]: 0.0803 1.51e-04
#check[98.870]: 0.0806 8.36e-05
#check[98.916]: 0.0796 3.54e-05
#check[98.962]: 0.0793 7.43e-06
#valid[99.000]: 0.1058 457.5s *
#check[99.040]: 0.0918 1.99e-03
#check[99.085]: 0.0928 1.97e-03
#check[99.130]: 0.0937 1.92e-03
#check[99.175]: 0.0935 1.86e-03
#check[99.221]: 0.0925 1.77e-03
#check[99.267]: 0.0929 1.67e-03
#check[99.312]: 0.0917 1.56e-03
#check[99.358]: 0.0907 1.43e-03
#check[99.403]: 0.0883 1.30e-03
#check[99.449]: 0.0875 1.16e-03
#check[99.494]: 0.0853 1.02e-03
#check[99.535]: 0.0849 8.93e-04
#check[99.580]: 0.0841 7.55e-04
#check[99.626]: 0.0829 6.17e-04
#check[99.672]: 0.0816 4.88e-04
#check[99.718]: 0.0808 3.69e-04
#check[99.763]: 0.0801 2.66e-04
#check[99.809]: 0.0798 1.76e-04
#check[99.854]: 0.0792 1.05e-04
#check[99.900]: 0.0794 4.97e-05
#check[99.945]: 0.0789 1.53e-05
#check[99.992]: 0.0790 4.65e-07
#valid[100.000]: 0.1058 461.2s *
#done!!!
130583.90user 5032.38system 12:47:20elapsed 294%CPU (0avgtext+0avgdata 21906844maxresident)k
0inputs+5700760outputs (260892521major+3938260705minor)pagefaults 0swaps
